{"numTotalTestSuites":100,"numPassedTestSuites":98,"numFailedTestSuites":2,"numPendingTestSuites":0,"numTotalTests":439,"numPassedTests":438,"numFailedTests":1,"numPendingTests":0,"numTodoTests":0,"snapshot":{"added":0,"failure":false,"filesAdded":0,"filesRemoved":0,"filesRemovedList":[],"filesUnmatched":0,"filesUpdated":0,"matched":0,"total":0,"unchecked":0,"uncheckedKeysByFile":[],"unmatched":0,"updated":0,"didUpdate":false},"startTime":1775009303081,"success":false,"testResults":[{"assertionResults":[{"ancestorTitles":["i18n config"],"fullName":"i18n config identifies Arabic as RTL","status":"passed","title":"identifies Arabic as RTL","duration":7.029499999998734,"failureMessages":[],"meta":{}},{"ancestorTitles":["i18n config"],"fullName":"i18n config identifies Hebrew as RTL","status":"passed","title":"identifies Hebrew as RTL","duration":2.1622999999999593,"failureMessages":[],"meta":{}},{"ancestorTitles":["i18n config"],"fullName":"i18n config identifies English as LTR","status":"passed","title":"identifies English as LTR","duration":1.734599999999773,"failureMessages":[],"meta":{}},{"ancestorTitles":["i18n config"],"fullName":"i18n config identifies German as LTR","status":"passed","title":"identifies German as LTR","duration":0.9782000000013795,"failureMessages":[],"meta":{}},{"ancestorTitles":["i18n config"],"fullName":"i18n config handles language with region code","status":"passed","title":"handles language with region code","duration":0.538300000000163,"failureMessages":[],"meta":{}},{"ancestorTitles":["i18n key parity"],"fullName":"i18n key parity de.json has all keys from en.json","status":"passed","title":"de.json has all keys from en.json","duration":7.832800000000134,"failureMessages":[],"meta":{}},{"ancestorTitles":["i18n key parity"],"fullName":"i18n key parity fr.json has all keys from en.json","status":"passed","title":"fr.json has all keys from en.json","duration":6.135399999999208,"failureMessages":[],"meta":{}},{"ancestorTitles":["i18n key parity"],"fullName":"i18n key parity es.json has all keys from en.json","status":"passed","title":"es.json has all keys from en.json","duration":8.57890000000043,"failureMessages":[],"meta":{}},{"ancestorTitles":["i18n key parity"],"fullName":"i18n key parity ar.json has all keys from en.json","status":"passed","title":"ar.json has all keys from en.json","duration":7.688900000001013,"failureMessages":[],"meta":{}},{"ancestorTitles":["i18n key parity"],"fullName":"i18n key parity zh.json has all keys from en.json","status":"passed","title":"zh.json has all keys from en.json","duration":6.7429000000011,"failureMessages":[],"meta":{}},{"ancestorTitles":["i18n key parity"],"fullName":"i18n key parity th.json has all keys from en.json","status":"passed","title":"th.json has all keys from en.json","duration":3.1579000000001543,"failureMessages":[],"meta":{}},{"ancestorTitles":["i18n key parity"],"fullName":"i18n key parity ja.json has all keys from en.json","status":"passed","title":"ja.json has all keys from en.json","duration":4.542299999999159,"failureMessages":[],"meta":{}},{"ancestorTitles":["i18n key parity"],"fullName":"i18n key parity ko.json has all keys from en.json","status":"passed","title":"ko.json has all keys from en.json","duration":8.250200000000405,"failureMessages":[],"meta":{}},{"ancestorTitles":["i18n key parity"],"fullName":"i18n key parity pt.json has all keys from en.json","status":"passed","title":"pt.json has all keys from en.json","duration":4.268400000000838,"failureMessages":[],"meta":{}},{"ancestorTitles":["i18n key parity"],"fullName":"i18n key parity hi.json has all keys from en.json","status":"passed","title":"hi.json has all keys from en.json","duration":5.170000000000073,"failureMessages":[],"meta":{}}],"startTime":1775009403614,"endTime":1775009403692.17,"status":"passed","message":"","name":"C:/dev/git/EDDI-Manager/src/i18n/__tests__/config.test.ts"},{"assertionResults":[{"ancestorTitles":["AgentDetailPage"],"fullName":"AgentDetailPage renders agent detail title","status":"passed","title":"renders agent detail title","duration":1363.4737999999998,"failureMessages":[],"meta":{}},{"ancestorTitles":["AgentDetailPage"],"fullName":"AgentDetailPage shows deployment status badge","status":"passed","title":"shows deployment status badge","duration":1263.6844999999958,"failureMessages":[],"meta":{}},{"ancestorTitles":["AgentDetailPage"],"fullName":"AgentDetailPage renders deploy button","status":"passed","title":"renders deploy button","duration":861.1152000000002,"failureMessages":[],"meta":{}},{"ancestorTitles":["AgentDetailPage"],"fullName":"AgentDetailPage renders duplicate button","status":"passed","title":"renders duplicate button","duration":608.3388999999952,"failureMessages":[],"meta":{}},{"ancestorTitles":["AgentDetailPage"],"fullName":"AgentDetailPage renders export button","status":"passed","title":"renders export button","duration":695.0975000000035,"failureMessages":[],"meta":{}},{"ancestorTitles":["AgentDetailPage"],"fullName":"AgentDetailPage renders delete button","status":"passed","title":"renders delete button","duration":825.7739000000001,"failureMessages":[],"meta":{}},{"ancestorTitles":["AgentDetailPage"],"fullName":"AgentDetailPage renders environment badges section","status":"passed","title":"renders environment badges section","duration":735.8809000000037,"failureMessages":[],"meta":{}},{"ancestorTitles":["AgentDetailPage"],"fullName":"AgentDetailPage renders add package button","status":"passed","title":"renders add package button","duration":817.4294000000009,"failureMessages":[],"meta":{}},{"ancestorTitles":["AgentDetailPage"],"fullName":"AgentDetailPage shows packages section with count","status":"passed","title":"shows packages section with count","duration":637.9040999999997,"failureMessages":[],"meta":{}},{"ancestorTitles":["AgentDetailPage"],"fullName":"AgentDetailPage renders A2A protocol section","status":"passed","title":"renders A2A protocol section","duration":777.9170000000013,"failureMessages":[],"meta":{}},{"ancestorTitles":["AgentDetailPage"],"fullName":"AgentDetailPage shows A2A enabled state with description and skills","status":"passed","title":"shows A2A enabled state with description and skills","duration":680.940499999997,"failureMessages":[],"meta":{}},{"ancestorTitles":["AgentDetailPage"],"fullName":"AgentDetailPage shows A2A endpoint URLs when enabled","status":"passed","title":"shows A2A endpoint URLs when enabled","duration":449.96340000000055,"failureMessages":[],"meta":{}},{"ancestorTitles":["AgentDetailPage"],"fullName":"AgentDetailPage shows Agent Card Preview toggle when A2A is enabled","status":"passed","title":"shows Agent Card Preview toggle when A2A is enabled","duration":418.2199999999939,"failureMessages":[],"meta":{}},{"ancestorTitles":["AgentDetailPage"],"fullName":"AgentDetailPage shows A2A skills from mock data","status":"passed","title":"shows A2A skills from mock data","duration":706.1519000000044,"failureMessages":[],"meta":{}}],"startTime":1775009386922,"endTime":1775009397788.1519,"status":"passed","message":"","name":"C:/dev/git/EDDI-Manager/src/pages/__tests__/agent-detail.test.tsx"},{"assertionResults":[{"ancestorTitles":["AgentWizardPage"],"fullName":"AgentWizardPage renders wizard heading","status":"passed","title":"renders wizard heading","duration":470.26950000000215,"failureMessages":[],"meta":{}},{"ancestorTitles":["AgentWizardPage"],"fullName":"AgentWizardPage renders step progress indicator","status":"passed","title":"renders step progress indicator","duration":194.28450000000157,"failureMessages":[],"meta":{}},{"ancestorTitles":["AgentWizardPage"],"fullName":"AgentWizardPage renders type selection on step 1","status":"passed","title":"renders type selection on step 1","duration":102.14970000000176,"failureMessages":[],"meta":{}},{"ancestorTitles":["AgentWizardPage"],"fullName":"AgentWizardPage next button is disabled until type is selected","status":"passed","title":"next button is disabled until type is selected","duration":131.03710000000137,"failureMessages":[],"meta":{}},{"ancestorTitles":["AgentWizardPage"],"fullName":"AgentWizardPage selects Standard Agent and navigates to step 2","status":"passed","title":"selects Standard Agent and navigates to step 2","duration":711.4861999999994,"failureMessages":[],"meta":{}},{"ancestorTitles":["AgentWizardPage"],"fullName":"AgentWizardPage selects API Agent and navigates to step 2","status":"passed","title":"selects API Agent and navigates to step 2","duration":472.2057999999961,"failureMessages":[],"meta":{}},{"ancestorTitles":["AgentWizardPage"],"fullName":"AgentWizardPage back button navigates to previous step","status":"passed","title":"back button navigates to previous step","duration":650.5388000000021,"failureMessages":[],"meta":{}},{"ancestorTitles":["AgentWizardPage"],"fullName":"AgentWizardPage step 2 next is disabled without name and prompt","status":"passed","title":"step 2 next is disabled without name and prompt","duration":5187.5573,"failureMessages":[],"meta":{}},{"ancestorTitles":["AgentWizardPage"],"fullName":"AgentWizardPage navigates Standard Agent to LLM step with provider selector","status":"passed","title":"navigates Standard Agent to LLM step with provider selector","duration":6515.8145,"failureMessages":[],"meta":{}},{"ancestorTitles":["AgentWizardPage"],"fullName":"AgentWizardPage API Agent shows OpenAPI spec input on step 3","status":"passed","title":"API Agent shows OpenAPI spec input on step 3","duration":4165.337999999996,"failureMessages":[],"meta":{}},{"ancestorTitles":["AgentWizardPage"],"fullName":"AgentWizardPage navigates all the way to review step (Standard)","status":"passed","title":"navigates all the way to review step (Standard)","duration":6271.0527,"failureMessages":[],"meta":{}}],"startTime":1775009337777,"endTime":1775009362651.0527,"status":"passed","message":"","name":"C:/dev/git/EDDI-Manager/src/pages/__tests__/agent-wizard.test.tsx"},{"assertionResults":[{"ancestorTitles":["AgentsPage"],"fullName":"AgentsPage renders page heading","status":"passed","title":"renders page heading","duration":520.5188000000016,"failureMessages":[],"meta":{}},{"ancestorTitles":["AgentsPage"],"fullName":"AgentsPage renders search input","status":"passed","title":"renders search input","duration":195.3080000000009,"failureMessages":[],"meta":{}},{"ancestorTitles":["AgentsPage"],"fullName":"AgentsPage renders create agent button","status":"passed","title":"renders create agent button","duration":176.85759999999937,"failureMessages":[],"meta":{}},{"ancestorTitles":["AgentsPage"],"fullName":"AgentsPage shows loading state initially","status":"passed","title":"shows loading state initially","duration":194.39020000000164,"failureMessages":[],"meta":{}}],"startTime":1775009403404,"endTime":1775009404513.3901,"status":"passed","message":"","name":"C:/dev/git/EDDI-Manager/src/pages/__tests__/agents.test.tsx"},{"assertionResults":[{"ancestorTitles":["AuditPage"],"fullName":"AuditPage renders the page title and description","status":"passed","title":"renders the page title and description","duration":487.3469000000041,"failureMessages":[],"meta":{}},{"ancestorTitles":["AuditPage"],"fullName":"AuditPage renders the audit-page container","status":"passed","title":"renders the audit-page container","duration":472.44199999999546,"failureMessages":[],"meta":{}},{"ancestorTitles":["AuditPage"],"fullName":"AuditPage shows conversation ID input by default","status":"passed","title":"shows conversation ID input by default","duration":485.0804999999964,"failureMessages":[],"meta":{}},{"ancestorTitles":["AuditPage"],"fullName":"AuditPage shows agent search mode when toggled","status":"passed","title":"shows agent search mode when toggled","duration":3888.5766000000003,"failureMessages":[],"meta":{}},{"ancestorTitles":["AuditPage"],"fullName":"AuditPage auto-loads recent entries on mount (no initial empty state)","status":"passed","title":"auto-loads recent entries on mount (no initial empty state)","duration":1956.6201999999976,"failureMessages":[],"meta":{}},{"ancestorTitles":["AuditPage"],"fullName":"AuditPage loads entries after entering conversation ID and searching","status":"passed","title":"loads entries after entering conversation ID and searching","duration":3348.0025000000023,"failureMessages":[],"meta":{}},{"ancestorTitles":["AuditPage"],"fullName":"AuditPage displays task type badges with correct labels","status":"passed","title":"displays task type badges with correct labels","duration":2775.548800000004,"failureMessages":[],"meta":{}},{"ancestorTitles":["AuditPage"],"fullName":"AuditPage shows duration on entry cards","status":"passed","title":"shows duration on entry cards","duration":2710.9305999999997,"failureMessages":[],"meta":{}},{"ancestorTitles":["AuditPage"],"fullName":"AuditPage shows cost when > 0","status":"passed","title":"shows cost when > 0","duration":2617.9383000000016,"failureMessages":[],"meta":{}},{"ancestorTitles":["AuditPage"],"fullName":"AuditPage shows action badges","status":"passed","title":"shows action badges","duration":2802.876000000004,"failureMessages":[],"meta":{}},{"ancestorTitles":["AuditPage"],"fullName":"AuditPage expands input section on click","status":"passed","title":"expands input section on click","duration":3263.7093000000023,"failureMessages":[],"meta":{}},{"ancestorTitles":["AuditPage"],"fullName":"AuditPage shows LLM detail section for langchain tasks","status":"passed","title":"shows LLM detail section for langchain tasks","duration":2735.5432999999975,"failureMessages":[],"meta":{}},{"ancestorTitles":["AuditPage"],"fullName":"AuditPage shows the summary strip after search","status":"passed","title":"shows the summary strip after search","duration":2264.513500000001,"failureMessages":[],"meta":{}},{"ancestorTitles":["AuditPage"],"fullName":"AuditPage renders recent entries button","status":"passed","title":"renders recent entries button","duration":152.8926999999967,"failureMessages":[],"meta":{}},{"ancestorTitles":["AuditPage"],"fullName":"AuditPage renders export button","status":"passed","title":"renders export button","duration":1638.4846000000034,"failureMessages":[],"meta":{}},{"ancestorTitles":["AuditPage"],"fullName":"AuditPage clicking Recent switches to conversation mode and triggers search","status":"passed","title":"clicking Recent switches to conversation mode and triggers search","duration":254.79039999999804,"failureMessages":[],"meta":{}},{"ancestorTitles":["AuditPage"],"fullName":"AuditPage shows auto-refresh toggle after search","status":"passed","title":"shows auto-refresh toggle after search","duration":2495.7123999999894,"failureMessages":[],"meta":{}},{"ancestorTitles":["AuditPage"],"fullName":"AuditPage export button becomes enabled after search returns results","status":"passed","title":"export button becomes enabled after search returns results","duration":1994.2954000000027,"failureMessages":[],"meta":{}}],"startTime":1775009338851,"endTime":1775009375579.2954,"status":"passed","message":"","name":"C:/dev/git/EDDI-Manager/src/pages/__tests__/audit.test.tsx"},{"assertionResults":[{"ancestorTitles":["AgentsPage ÔÇö Import/Export"],"fullName":"AgentsPage ÔÇö Import/Export renders import agent button","status":"passed","title":"renders import agent button","duration":570.4904000000024,"failureMessages":[],"meta":{}},{"ancestorTitles":["AgentsPage ÔÇö Import/Export"],"fullName":"AgentsPage ÔÇö Import/Export renders create-agent-btn that opens the choice dialog","status":"passed","title":"renders create-agent-btn that opens the choice dialog","duration":2492.979999999996,"failureMessages":[],"meta":{}},{"ancestorTitles":["AgentsPage ÔÇö Import/Export"],"fullName":"AgentsPage ÔÇö Import/Export import button opens import dialog on click","status":"passed","title":"import button opens import dialog on click","duration":1533.9146000000037,"failureMessages":[],"meta":{}},{"ancestorTitles":["AgentsPage ÔÇö Import/Export"],"fullName":"AgentsPage ÔÇö Import/Export still renders create agent button","status":"passed","title":"still renders create agent button","duration":128.57489999999962,"failureMessages":[],"meta":{}}],"startTime":1775009390091,"endTime":1775009394825.575,"status":"passed","message":"","name":"C:/dev/git/EDDI-Manager/src/pages/__tests__/backup.test.tsx"},{"assertionResults":[{"ancestorTitles":["ChatPage"],"fullName":"ChatPage renders page heading","status":"passed","title":"renders page heading","duration":683.3257000000012,"failureMessages":[],"meta":{}},{"ancestorTitles":["ChatPage"],"fullName":"ChatPage renders page subtitle","status":"passed","title":"renders page subtitle","duration":452.36210000000574,"failureMessages":[],"meta":{}},{"ancestorTitles":["ChatPage"],"fullName":"ChatPage renders agent selector","status":"passed","title":"renders agent selector","duration":268.44920000000275,"failureMessages":[],"meta":{}},{"ancestorTitles":["ChatPage"],"fullName":"ChatPage renders chat input","status":"passed","title":"renders chat input","duration":246.67609999999695,"failureMessages":[],"meta":{}},{"ancestorTitles":["ChatPage"],"fullName":"ChatPage renders streaming toggle","status":"passed","title":"renders streaming toggle","duration":354.52670000000217,"failureMessages":[],"meta":{}},{"ancestorTitles":["ChatPage"],"fullName":"ChatPage renders history toggle button","status":"passed","title":"renders history toggle button","duration":233.95470000000205,"failureMessages":[],"meta":{}},{"ancestorTitles":["ChatPage"],"fullName":"ChatPage shows empty state when no agent selected","status":"passed","title":"shows empty state when no agent selected","duration":322.5400000000009,"failureMessages":[],"meta":{}}],"startTime":1775009393677,"endTime":1775009396665.54,"status":"passed","message":"","name":"C:/dev/git/EDDI-Manager/src/pages/__tests__/chat.test.tsx"},{"assertionResults":[{"ancestorTitles":["VersionPicker"],"fullName":"VersionPicker renders as badge when only one version","status":"passed","title":"renders as badge when only one version","duration":247.0648000000001,"failureMessages":[],"meta":{}},{"ancestorTitles":["VersionPicker"],"fullName":"VersionPicker renders as select when multiple versions","status":"passed","title":"renders as select when multiple versions","duration":121.91270000000077,"failureMessages":[],"meta":{}},{"ancestorTitles":["VersionPicker"],"fullName":"VersionPicker calls onChange when version selected","status":"passed","title":"calls onChange when version selected","duration":1091.0967999999993,"failureMessages":[],"meta":{}},{"ancestorTitles":["ConfigEditorLayout"],"fullName":"ConfigEditorLayout renders editor layout container","status":"passed","title":"renders editor layout container","duration":353.41330000000016,"failureMessages":[],"meta":{}},{"ancestorTitles":["ConfigEditorLayout"],"fullName":"ConfigEditorLayout renders Form and JSON tabs","status":"passed","title":"renders Form and JSON tabs","duration":61.824000000000524,"failureMessages":[],"meta":{}},{"ancestorTitles":["ConfigEditorLayout"],"fullName":"ConfigEditorLayout defaults to JSON tab","status":"passed","title":"defaults to JSON tab","duration":58.56590000000142,"failureMessages":[],"meta":{}},{"ancestorTitles":["ConfigEditorLayout"],"fullName":"ConfigEditorLayout switches to Form tab on click","status":"passed","title":"switches to Form tab on click","duration":166.31900000000314,"failureMessages":[],"meta":{}},{"ancestorTitles":["ConfigEditorLayout"],"fullName":"ConfigEditorLayout shows form placeholder when no children provided","status":"passed","title":"shows form placeholder when no children provided","duration":331.1152000000002,"failureMessages":[],"meta":{}},{"ancestorTitles":["ConfigEditorLayout"],"fullName":"ConfigEditorLayout save button is disabled when not dirty","status":"passed","title":"save button is disabled when not dirty","duration":212.15520000000106,"failureMessages":[],"meta":{}},{"ancestorTitles":["ConfigEditorLayout"],"fullName":"ConfigEditorLayout discard button is disabled when not dirty","status":"passed","title":"discard button is disabled when not dirty","duration":289.1560000000027,"failureMessages":[],"meta":{}},{"ancestorTitles":["ConfigEditorLayout"],"fullName":"ConfigEditorLayout shows success message when saveSuccess is true","status":"passed","title":"shows success message when saveSuccess is true","duration":171.15999999999622,"failureMessages":[],"meta":{}},{"ancestorTitles":["ConfigEditorLayout"],"fullName":"ConfigEditorLayout shows error message when saveError is set","status":"passed","title":"shows error message when saveError is set","duration":206.16449999999895,"failureMessages":[],"meta":{}},{"ancestorTitles":["ResourceDetailPage with editor"],"fullName":"ResourceDetailPage with editor renders editor layout when data loads","status":"passed","title":"renders editor layout when data loads","duration":2378.9590000000026,"failureMessages":[],"meta":{}},{"ancestorTitles":["ResourceDetailPage with editor"],"fullName":"ResourceDetailPage with editor renders Form and JSON tabs","status":"passed","title":"renders Form and JSON tabs","duration":1290.056700000001,"failureMessages":[],"meta":{}},{"ancestorTitles":["ResourceDetailPage with editor"],"fullName":"ResourceDetailPage with editor renders back link","status":"passed","title":"renders back link","duration":97.16659999999683,"failureMessages":[],"meta":{}},{"ancestorTitles":["ResourceDetailPage with editor"],"fullName":"ResourceDetailPage with editor renders delete and duplicate buttons","status":"passed","title":"renders delete and duplicate buttons","duration":253.38969999999972,"failureMessages":[],"meta":{}}],"startTime":1775009340944,"endTime":1775009348291.3896,"status":"passed","message":"","name":"C:/dev/git/EDDI-Manager/src/pages/__tests__/config-editor.test.tsx"},{"assertionResults":[{"ancestorTitles":["ConversationsPage"],"fullName":"ConversationsPage renders page heading","status":"passed","title":"renders page heading","duration":730.6200000000026,"failureMessages":[],"meta":{}},{"ancestorTitles":["ConversationsPage"],"fullName":"ConversationsPage renders search input","status":"passed","title":"renders search input","duration":250.29149999999936,"failureMessages":[],"meta":{}},{"ancestorTitles":["ConversationsPage"],"fullName":"ConversationsPage renders state filter pills","status":"passed","title":"renders state filter pills","duration":383.24900000000343,"failureMessages":[],"meta":{}},{"ancestorTitles":["ConversationsPage"],"fullName":"ConversationsPage shows subtitle text","status":"passed","title":"shows subtitle text","duration":194.13900000000285,"failureMessages":[],"meta":{}}],"startTime":1775009392706,"endTime":1775009394344.139,"status":"passed","message":"","name":"C:/dev/git/EDDI-Manager/src/pages/__tests__/conversations.test.tsx"},{"assertionResults":[{"ancestorTitles":["CoordinatorPage"],"fullName":"CoordinatorPage renders the page title","status":"passed","title":"renders the page title","duration":1226.6117999999988,"failureMessages":[],"meta":{}},{"ancestorTitles":["CoordinatorPage"],"fullName":"CoordinatorPage renders coordinator type card","status":"passed","title":"renders coordinator type card","duration":1021.8752999999997,"failureMessages":[],"meta":{}},{"ancestorTitles":["CoordinatorPage"],"fullName":"CoordinatorPage renders connection status card","status":"passed","title":"renders connection status card","duration":1048.5184000000008,"failureMessages":[],"meta":{}},{"ancestorTitles":["CoordinatorPage"],"fullName":"CoordinatorPage renders tasks processed card","status":"passed","title":"renders tasks processed card","duration":1037.7517999999982,"failureMessages":[],"meta":{}},{"ancestorTitles":["CoordinatorPage"],"fullName":"CoordinatorPage renders dead-lettered card","status":"passed","title":"renders dead-lettered card","duration":1241.3109999999942,"failureMessages":[],"meta":{}},{"ancestorTitles":["CoordinatorPage"],"fullName":"CoordinatorPage shows NATS JetStream coordinator type from mock data","status":"passed","title":"shows NATS JetStream coordinator type from mock data","duration":1572.9982999999993,"failureMessages":[],"meta":{}},{"ancestorTitles":["CoordinatorPage"],"fullName":"CoordinatorPage shows CONNECTED status from mock data","status":"passed","title":"shows CONNECTED status from mock data","duration":1084.1161999999968,"failureMessages":[],"meta":{}},{"ancestorTitles":["CoordinatorPage"],"fullName":"CoordinatorPage renders dead-letter table with entries","status":"passed","title":"renders dead-letter table with entries","duration":1355.7019,"failureMessages":[],"meta":{}},{"ancestorTitles":["CoordinatorPage"],"fullName":"CoordinatorPage shows dead-letter error messages","status":"passed","title":"shows dead-letter error messages","duration":1216.1419999999998,"failureMessages":[],"meta":{}},{"ancestorTitles":["CoordinatorPage"],"fullName":"CoordinatorPage renders purge all button","status":"passed","title":"renders purge all button","duration":976.7309000000023,"failureMessages":[],"meta":{}},{"ancestorTitles":["CoordinatorPage"],"fullName":"CoordinatorPage renders replay and discard buttons for dead-letter entries","status":"passed","title":"renders replay and discard buttons for dead-letter entries","duration":880.5506999999998,"failureMessages":[],"meta":{}},{"ancestorTitles":["CoordinatorPage"],"fullName":"CoordinatorPage renders active queue depths","status":"passed","title":"renders active queue depths","duration":387.1577999999936,"failureMessages":[],"meta":{}},{"ancestorTitles":["CoordinatorPage"],"fullName":"CoordinatorPage renders refresh interval selector","status":"passed","title":"renders refresh interval selector","duration":573.0390000000043,"failureMessages":[],"meta":{}},{"ancestorTitles":["CoordinatorPage"],"fullName":"CoordinatorPage refresh interval defaults to 10s","status":"passed","title":"refresh interval defaults to 10s","duration":507.45060000000376,"failureMessages":[],"meta":{}},{"ancestorTitles":["CoordinatorPage"],"fullName":"CoordinatorPage renders dead-letter payload toggle buttons when payload exists","status":"passed","title":"renders dead-letter payload toggle buttons when payload exists","duration":775.3620999999985,"failureMessages":[],"meta":{}}],"startTime":1775009338069,"endTime":1775009352977.362,"status":"passed","message":"","name":"C:/dev/git/EDDI-Manager/src/pages/__tests__/coordinator.test.tsx"},{"assertionResults":[{"ancestorTitles":["DashboardPage"],"fullName":"DashboardPage renders page heading","status":"passed","title":"renders page heading","duration":426.7644,"failureMessages":[],"meta":{}},{"ancestorTitles":["DashboardPage"],"fullName":"DashboardPage renders stat cards with real data","status":"passed","title":"renders stat cards with real data","duration":194.7399000000005,"failureMessages":[],"meta":{}},{"ancestorTitles":["DashboardPage"],"fullName":"DashboardPage renders quick action buttons","status":"passed","title":"renders quick action buttons","duration":125.10329999999885,"failureMessages":[],"meta":{}},{"ancestorTitles":["DashboardPage"],"fullName":"DashboardPage renders platform health strip","status":"passed","title":"renders platform health strip","duration":145.67679999999746,"failureMessages":[],"meta":{}},{"ancestorTitles":["DashboardPage"],"fullName":"DashboardPage renders expanded quick actions","status":"passed","title":"renders expanded quick actions","duration":162.23370000000068,"failureMessages":[],"meta":{}}],"startTime":1775009406268,"endTime":1775009407323.2336,"status":"passed","message":"","name":"C:/dev/git/EDDI-Manager/src/pages/__tests__/dashboard.test.tsx"},{"assertionResults":[{"ancestorTitles":["GroupWizardPage"],"fullName":"GroupWizardPage renders wizard heading and step indicator","status":"passed","title":"renders wizard heading and step indicator","duration":467.53059999999823,"failureMessages":[],"meta":{}},{"ancestorTitles":["GroupWizardPage"],"fullName":"GroupWizardPage shows template cards on step 1","status":"passed","title":"shows template cards on step 1","duration":132.69719999999506,"failureMessages":[],"meta":{}},{"ancestorTitles":["GroupWizardPage"],"fullName":"GroupWizardPage selecting a template advances to config step","status":"passed","title":"selecting a template advances to config step","duration":833.740899999997,"failureMessages":[],"meta":{}},{"ancestorTitles":["GroupWizardPage"],"fullName":"GroupWizardPage config step Next is disabled without name","status":"passed","title":"config step Next is disabled without name","duration":403.3354000000036,"failureMessages":[],"meta":{}},{"ancestorTitles":["GroupWizardPage"],"fullName":"GroupWizardPage config step Next enables after entering name","status":"passed","title":"config step Next enables after entering name","duration":3051.1417999999976,"failureMessages":[],"meta":{}},{"ancestorTitles":["GroupWizardPage"],"fullName":"GroupWizardPage members step requires at least 2 members to proceed","status":"passed","title":"members step requires at least 2 members to proceed","duration":4002.137800000004,"failureMessages":[],"meta":{}},{"ancestorTitles":["GroupWizardPage"],"fullName":"GroupWizardPage advisory board template pre-fills 5 member cards","status":"passed","title":"advisory board template pre-fills 5 member cards","duration":3220.0931000000055,"failureMessages":[],"meta":{}},{"ancestorTitles":["GroupWizardPage"],"fullName":"GroupWizardPage add member button creates new member card","status":"passed","title":"add member button creates new member card","duration":2751.434199999996,"failureMessages":[],"meta":{}},{"ancestorTitles":["GroupWizardPage"],"fullName":"GroupWizardPage back button navigates to previous step","status":"passed","title":"back button navigates to previous step","duration":509.7425000000003,"failureMessages":[],"meta":{}},{"ancestorTitles":["GroupWizardPage"],"fullName":"GroupWizardPage review step shows auto-create notice for new agents","status":"passed","title":"review step shows auto-create notice for new agents","duration":3001.2126999999964,"failureMessages":[],"meta":{}}],"startTime":1775009338926,"endTime":1775009357301.2126,"status":"passed","message":"","name":"C:/dev/git/EDDI-Manager/src/pages/__tests__/group-wizard.test.tsx"},{"assertionResults":[{"ancestorTitles":["LogsPage"],"fullName":"LogsPage renders the logs-page container","status":"passed","title":"renders the logs-page container","duration":574.3162000000011,"failureMessages":[],"meta":{}},{"ancestorTitles":["LogsPage"],"fullName":"LogsPage renders the page title","status":"passed","title":"renders the page title","duration":414.46470000000045,"failureMessages":[],"meta":{}},{"ancestorTitles":["LogsPage"],"fullName":"LogsPage renders Live and History tabs","status":"passed","title":"renders Live and History tabs","duration":377.27560000000085,"failureMessages":[],"meta":{}},{"ancestorTitles":["LogsPage"],"fullName":"LogsPage shows stream badge for SSE connection","status":"passed","title":"shows stream badge for SSE connection","duration":364.36789999999746,"failureMessages":[],"meta":{}},{"ancestorTitles":["LogsPage"],"fullName":"LogsPage renders agent filter input","status":"passed","title":"renders agent filter input","duration":364.40239999999903,"failureMessages":[],"meta":{}},{"ancestorTitles":["LogsPage"],"fullName":"LogsPage renders level filter dropdown","status":"passed","title":"renders level filter dropdown","duration":337.52760000000126,"failureMessages":[],"meta":{}},{"ancestorTitles":["LogsPage"],"fullName":"LogsPage renders pause button","status":"passed","title":"renders pause button","duration":426.693600000006,"failureMessages":[],"meta":{}},{"ancestorTitles":["LogsPage"],"fullName":"LogsPage renders clear button","status":"passed","title":"renders clear button","duration":621.6132999999973,"failureMessages":[],"meta":{}},{"ancestorTitles":["LogsPage"],"fullName":"LogsPage renders export logs button","status":"passed","title":"renders export logs button","duration":496.3524000000034,"failureMessages":[],"meta":{}}],"startTime":1775009338026,"endTime":1775009343106.3523,"status":"passed","message":"","name":"C:/dev/git/EDDI-Manager/src/pages/__tests__/logs.test.tsx"},{"assertionResults":[{"ancestorTitles":["Onboarding ÔÇö Zustand Store"],"fullName":"Onboarding ÔÇö Zustand Store shows welcome on first visit (no localStorage flag)","status":"passed","title":"shows welcome on first visit (no localStorage flag)","duration":6.085700000003271,"failureMessages":[],"meta":{}},{"ancestorTitles":["Onboarding ÔÇö Zustand Store"],"fullName":"Onboarding ÔÇö Zustand Store dismissWelcome sets localStorage flag and hides modal","status":"passed","title":"dismissWelcome sets localStorage flag and hides modal","duration":3.1235000000015134,"failureMessages":[],"meta":{}},{"ancestorTitles":["Onboarding ÔÇö Zustand Store"],"fullName":"Onboarding ÔÇö Zustand Store startChapter activates a tour chapter at step 0","status":"passed","title":"startChapter activates a tour chapter at step 0","duration":1.4786000000021886,"failureMessages":[],"meta":{}},{"ancestorTitles":["Onboarding ÔÇö Zustand Store"],"fullName":"Onboarding ÔÇö Zustand Store nextStep increments current step","status":"passed","title":"nextStep increments current step","duration":0.8256000000037602,"failureMessages":[],"meta":{}},{"ancestorTitles":["Onboarding ÔÇö Zustand Store"],"fullName":"Onboarding ÔÇö Zustand Store prevStep decrements but does not go below 0","status":"passed","title":"prevStep decrements but does not go below 0","duration":0.8450000000011642,"failureMessages":[],"meta":{}},{"ancestorTitles":["Onboarding ÔÇö Zustand Store"],"fullName":"Onboarding ÔÇö Zustand Store skipChapter marks chapter as completed and clears active","status":"passed","title":"skipChapter marks chapter as completed and clears active","duration":1.1213999999963562,"failureMessages":[],"meta":{}},{"ancestorTitles":["Onboarding ÔÇö Zustand Store"],"fullName":"Onboarding ÔÇö Zustand Store completeChapter marks chapter as completed in localStorage","status":"passed","title":"completeChapter marks chapter as completed in localStorage","duration":0.933099999994738,"failureMessages":[],"meta":{}},{"ancestorTitles":["Onboarding ÔÇö Zustand Store"],"fullName":"Onboarding ÔÇö Zustand Store chapter independence: completing dashboard does not affect agents","status":"passed","title":"chapter independence: completing dashboard does not affect agents","duration":0.7111000000004424,"failureMessages":[],"meta":{}},{"ancestorTitles":["Onboarding ÔÇö Zustand Store"],"fullName":"Onboarding ÔÇö Zustand Store maybeAutoStart does not start if chapter already completed","status":"passed","title":"maybeAutoStart does not start if chapter already completed","duration":0.936600000000908,"failureMessages":[],"meta":{}},{"ancestorTitles":["Onboarding ÔÇö Zustand Store"],"fullName":"Onboarding ÔÇö Zustand Store maybeAutoStart does not start if welcome modal is showing","status":"passed","title":"maybeAutoStart does not start if welcome modal is showing","duration":0.3603999999977532,"failureMessages":[],"meta":{}},{"ancestorTitles":["Onboarding ÔÇö Zustand Store"],"fullName":"Onboarding ÔÇö Zustand Store maybeAutoStart auto-starts dashboard directly","status":"passed","title":"maybeAutoStart auto-starts dashboard directly","duration":0.4723000000012689,"failureMessages":[],"meta":{}},{"ancestorTitles":["Onboarding ÔÇö Zustand Store"],"fullName":"Onboarding ÔÇö Zustand Store maybeAutoStart shows offer for non-dashboard chapters instead of auto-starting","status":"passed","title":"maybeAutoStart shows offer for non-dashboard chapters instead of auto-starting","duration":0.8814999999958673,"failureMessages":[],"meta":{}},{"ancestorTitles":["Onboarding ÔÇö Zustand Store"],"fullName":"Onboarding ÔÇö Zustand Store maybeAutoStart does not start if another chapter is active","status":"passed","title":"maybeAutoStart does not start if another chapter is active","duration":0.435299999997369,"failureMessages":[],"meta":{}},{"ancestorTitles":["Onboarding ÔÇö Zustand Store"],"fullName":"Onboarding ÔÇö Zustand Store acceptOffer starts the offered chapter","status":"passed","title":"acceptOffer starts the offered chapter","duration":0.3908999999985099,"failureMessages":[],"meta":{}},{"ancestorTitles":["Onboarding ÔÇö Zustand Store"],"fullName":"Onboarding ÔÇö Zustand Store dismissOffer marks chapter as done so offer doesn't reappear","status":"passed","title":"dismissOffer marks chapter as done so offer doesn't reappear","duration":0.40869999999995343,"failureMessages":[],"meta":{}},{"ancestorTitles":["Onboarding ÔÇö Zustand Store"],"fullName":"Onboarding ÔÇö Zustand Store dismissAllOffers prevents all future offers","status":"passed","title":"dismissAllOffers prevents all future offers","duration":0.26049999999668216,"failureMessages":[],"meta":{}},{"ancestorTitles":["Onboarding ÔÇö Zustand Store"],"fullName":"Onboarding ÔÇö Zustand Store restartChapter clears completion and starts chapter","status":"passed","title":"restartChapter clears completion and starts chapter","duration":0.9288000000015018,"failureMessages":[],"meta":{}},{"ancestorTitles":["Onboarding ÔÇö Zustand Store"],"fullName":"Onboarding ÔÇö Zustand Store resetAll clears everything and shows welcome again","status":"passed","title":"resetAll clears everything and shows welcome again","duration":1.152699999998731,"failureMessages":[],"meta":{}},{"ancestorTitles":["Onboarding ÔÇö Welcome Modal"],"fullName":"Onboarding ÔÇö Welcome Modal renders when showWelcome is true","status":"passed","title":"renders when showWelcome is true","duration":330.1621000000014,"failureMessages":[],"meta":{}},{"ancestorTitles":["Onboarding ÔÇö Welcome Modal"],"fullName":"Onboarding ÔÇö Welcome Modal does not render when showWelcome is false","status":"passed","title":"does not render when showWelcome is false","duration":30.66859999999724,"failureMessages":[],"meta":{}},{"ancestorTitles":["Onboarding ÔÇö Welcome Modal"],"fullName":"Onboarding ÔÇö Welcome Modal 'Start the Tour' button closes modal and starts dashboard chapter","status":"passed","title":"'Start the Tour' button closes modal and starts dashboard chapter","duration":539.614999999998,"failureMessages":[],"meta":{}},{"ancestorTitles":["Onboarding ÔÇö Welcome Modal"],"fullName":"Onboarding ÔÇö Welcome Modal 'Explore on My Own' button closes modal without starting tour","status":"passed","title":"'Explore on My Own' button closes modal without starting tour","duration":236.65700000000652,"failureMessages":[],"meta":{}},{"ancestorTitles":["Onboarding ÔÇö Welcome Modal"],"fullName":"Onboarding ÔÇö Welcome Modal Escape key dismisses welcome modal","status":"passed","title":"Escape key dismisses welcome modal","duration":49.65890000000218,"failureMessages":[],"meta":{}},{"ancestorTitles":["Onboarding ÔÇö Guided Tour"],"fullName":"Onboarding ÔÇö Guided Tour renders nothing when no tour is active","status":"passed","title":"renders nothing when no tour is active","duration":30.641700000000128,"failureMessages":[],"meta":{}},{"ancestorTitles":["Onboarding ÔÇö Guided Tour"],"fullName":"Onboarding ÔÇö Guided Tour renders spotlight and tooltip when a tour is active and target exists","status":"passed","title":"renders spotlight and tooltip when a tour is active and target exists","duration":159.4277000000002,"failureMessages":[],"meta":{}},{"ancestorTitles":["Onboarding ÔÇö Guided Tour"],"fullName":"Onboarding ÔÇö Guided Tour Escape key skips the active tour","status":"passed","title":"Escape key skips the active tour","duration":38.52850000000035,"failureMessages":[],"meta":{}}],"startTime":1775009396987,"endTime":1775009398448.5286,"status":"passed","message":"","name":"C:/dev/git/EDDI-Manager/src/pages/__tests__/onboarding.test.tsx"},{"assertionResults":[{"ancestorTitles":["QuotasPage"],"fullName":"QuotasPage renders the page header","status":"passed","title":"renders the page header","duration":403.53670000000056,"failureMessages":[],"meta":{}},{"ancestorTitles":["QuotasPage"],"fullName":"QuotasPage renders the quotas-page container","status":"passed","title":"renders the quotas-page container","duration":158.79309999999896,"failureMessages":[],"meta":{}},{"ancestorTitles":["QuotasPage"],"fullName":"QuotasPage renders save button","status":"passed","title":"renders save button","duration":142.41569999999774,"failureMessages":[],"meta":{}},{"ancestorTitles":["QuotasPage"],"fullName":"QuotasPage loads and displays quota configuration fields","status":"passed","title":"loads and displays quota configuration fields","duration":2416.982500000002,"failureMessages":[],"meta":{}},{"ancestorTitles":["QuotasPage"],"fullName":"QuotasPage loads and displays usage data","status":"passed","title":"loads and displays usage data","duration":977.1811999999991,"failureMessages":[],"meta":{}},{"ancestorTitles":["QuotasPage"],"fullName":"QuotasPage shows the toggle enabled button","status":"passed","title":"shows the toggle enabled button","duration":1165.7520000000004,"failureMessages":[],"meta":{}},{"ancestorTitles":["QuotasPage"],"fullName":"QuotasPage shows reset usage button","status":"passed","title":"shows reset usage button","duration":514.2802000000011,"failureMessages":[],"meta":{}},{"ancestorTitles":["QuotasPage"],"fullName":"QuotasPage displays tenant ID in usage card","status":"passed","title":"displays tenant ID in usage card","duration":730.3334000000032,"failureMessages":[],"meta":{}}],"startTime":1775009337819,"endTime":1775009344500.3335,"status":"passed","message":"","name":"C:/dev/git/EDDI-Manager/src/pages/__tests__/quotas.test.tsx"},{"assertionResults":[{"ancestorTitles":["Dictionary Editor"],"fullName":"Dictionary Editor renders dictionary editor","status":"passed","title":"renders dictionary editor","duration":2240.7076000000015,"failureMessages":[],"meta":{}},{"ancestorTitles":["Dictionary Editor"],"fullName":"Dictionary Editor renders word rows","status":"passed","title":"renders word rows","duration":1495.8865000000005,"failureMessages":[],"meta":{}},{"ancestorTitles":["Dictionary Editor"],"fullName":"Dictionary Editor renders phrase rows","status":"passed","title":"renders phrase rows","duration":1471.4421999999977,"failureMessages":[],"meta":{}},{"ancestorTitles":["Dictionary Editor"],"fullName":"Dictionary Editor renders regex rows","status":"passed","title":"renders regex rows","duration":1282.681700000001,"failureMessages":[],"meta":{}},{"ancestorTitles":["Dictionary Editor"],"fullName":"Dictionary Editor renders add word button","status":"passed","title":"renders add word button","duration":1639.6457999999984,"failureMessages":[],"meta":{}},{"ancestorTitles":["Dictionary Editor"],"fullName":"Dictionary Editor renders form tab as default","status":"passed","title":"renders form tab as default","duration":900.336000000003,"failureMessages":[],"meta":{}}],"startTime":1775009340915,"endTime":1775009349947.336,"status":"passed","message":"","name":"C:/dev/git/EDDI-Manager/src/pages/__tests__/resource-detail-dictionary.test.tsx"},{"assertionResults":[{"ancestorTitles":["HTTP Calls Editor"],"fullName":"HTTP Calls Editor renders httpcalls editor","status":"passed","title":"renders httpcalls editor","duration":2724.0434999999998,"failureMessages":[],"meta":{}},{"ancestorTitles":["HTTP Calls Editor"],"fullName":"HTTP Calls Editor renders server URL input","status":"passed","title":"renders server URL input","duration":1025.160100000001,"failureMessages":[],"meta":{}},{"ancestorTitles":["HTTP Calls Editor"],"fullName":"HTTP Calls Editor renders HTTP call editor card","status":"passed","title":"renders HTTP call editor card","duration":1417.9928,"failureMessages":[],"meta":{}},{"ancestorTitles":["HTTP Calls Editor"],"fullName":"HTTP Calls Editor renders method select dropdown","status":"passed","title":"renders method select dropdown","duration":1200.7086000000054,"failureMessages":[],"meta":{}},{"ancestorTitles":["HTTP Calls Editor"],"fullName":"HTTP Calls Editor renders add call button","status":"passed","title":"renders add call button","duration":850.338800000005,"failureMessages":[],"meta":{}},{"ancestorTitles":["HTTP Calls Editor"],"fullName":"HTTP Calls Editor renders call name input","status":"passed","title":"renders call name input","duration":1120.3404999999984,"failureMessages":[],"meta":{}},{"ancestorTitles":["HTTP Calls Editor"],"fullName":"HTTP Calls Editor renders form tab as default when editor exists","status":"passed","title":"renders form tab as default when editor exists","duration":682.7831000000006,"failureMessages":[],"meta":{}}],"startTime":1775009340911,"endTime":1775009349934.7832,"status":"passed","message":"","name":"C:/dev/git/EDDI-Manager/src/pages/__tests__/resource-detail-httpcalls.test.tsx"},{"assertionResults":[{"ancestorTitles":["LangChain Editor"],"fullName":"LangChain Editor renders LLM editor with tasks","status":"passed","title":"renders LLM editor with tasks","duration":4447.997900000002,"failureMessages":[],"meta":{}},{"ancestorTitles":["LangChain Editor"],"fullName":"LangChain Editor renders task card with model type select","status":"passed","title":"renders task card with model type select","duration":2604.343200000003,"failureMessages":[],"meta":{}},{"ancestorTitles":["LangChain Editor"],"fullName":"LangChain Editor renders model type dropdown","status":"passed","title":"renders model type dropdown","duration":2246.052300000003,"failureMessages":[],"meta":{}},{"ancestorTitles":["LangChain Editor"],"fullName":"LangChain Editor renders mode badge (agent/chat)","status":"passed","title":"renders mode badge (agent/chat)","duration":2150.1719999999987,"failureMessages":[],"meta":{}},{"ancestorTitles":["LangChain Editor"],"fullName":"LangChain Editor renders system prompt content editor","status":"passed","title":"renders system prompt content editor","duration":1907.085500000001,"failureMessages":[],"meta":{}},{"ancestorTitles":["LangChain Editor"],"fullName":"LangChain Editor renders enable built-in tools checkbox","status":"passed","title":"renders enable built-in tools checkbox","duration":1300.1705000000002,"failureMessages":[],"meta":{}},{"ancestorTitles":["LangChain Editor"],"fullName":"LangChain Editor renders add task button","status":"passed","title":"renders add task button","duration":1541.6979999999967,"failureMessages":[],"meta":{}},{"ancestorTitles":["LangChain Editor"],"fullName":"LangChain Editor renders form tab as default","status":"passed","title":"renders form tab as default","duration":1597.2550999999949,"failureMessages":[],"meta":{}},{"ancestorTitles":["LangChain Editor"],"fullName":"LangChain Editor renders add A2A agent button","status":"passed","title":"renders add A2A agent button","duration":1828.9343999999983,"failureMessages":[],"meta":{}},{"ancestorTitles":["LangChain Editor"],"fullName":"LangChain Editor renders A2A agent config from mock data","status":"passed","title":"renders A2A agent config from mock data","duration":1545.8551000000007,"failureMessages":[],"meta":{}},{"ancestorTitles":["LangChain Editor"],"fullName":"LangChain Editor shows A2A Agents section header","status":"passed","title":"shows A2A Agents section header","duration":1491.6689999999944,"failureMessages":[],"meta":{}},{"ancestorTitles":["LangChain Editor"],"fullName":"LangChain Editor renders A2A agent URL from mock data","status":"passed","title":"renders A2A agent URL from mock data","duration":1305.4267000000036,"failureMessages":[],"meta":{}},{"ancestorTitles":["LangChain Editor"],"fullName":"LangChain Editor renders A2A agent name from mock data","status":"passed","title":"renders A2A agent name from mock data","duration":1567.1037999999971,"failureMessages":[],"meta":{}},{"ancestorTitles":["LangChain Editor"],"fullName":"LangChain Editor renders model cascade section header","status":"passed","title":"renders model cascade section header","duration":1663.129399999998,"failureMessages":[],"meta":{}},{"ancestorTitles":["LangChain Editor"],"fullName":"LangChain Editor renders cascade enable toggle","status":"passed","title":"renders cascade enable toggle","duration":1558.6403999999966,"failureMessages":[],"meta":{}},{"ancestorTitles":["LangChain Editor"],"fullName":"LangChain Editor renders cascade step from mock data","status":"passed","title":"renders cascade step from mock data","duration":1669.8783000000112,"failureMessages":[],"meta":{}},{"ancestorTitles":["LangChain Editor"],"fullName":"LangChain Editor renders budget and costs section header","status":"passed","title":"renders budget and costs section header","duration":1372.9906999999948,"failureMessages":[],"meta":{}},{"ancestorTitles":["LangChain Editor"],"fullName":"LangChain Editor renders execution section header","status":"passed","title":"renders execution section header","duration":1280.401899999997,"failureMessages":[],"meta":{}},{"ancestorTitles":["LangChain Editor"],"fullName":"LangChain Editor renders retry section header","status":"passed","title":"renders retry section header","duration":1235.3151999999973,"failureMessages":[],"meta":{}},{"ancestorTitles":["LangChain Editor"],"fullName":"LangChain Editor renders RAG section header","status":"passed","title":"renders RAG section header","duration":1047.1301000000094,"failureMessages":[],"meta":{}},{"ancestorTitles":["LangChain Editor"],"fullName":"LangChain Editor renders httpCall RAG input when RAG section is expanded","status":"passed","title":"renders httpCall RAG input when RAG section is expanded","duration":1325.5884000000078,"failureMessages":[],"meta":{}},{"ancestorTitles":["LangChain Editor"],"fullName":"LangChain Editor renders enable-workflow-rag checkbox when RAG section is expanded","status":"passed","title":"renders enable-workflow-rag checkbox when RAG section is expanded","duration":1442.051700000011,"failureMessages":[],"meta":{}},{"ancestorTitles":["LangChain Editor"],"fullName":"LangChain Editor renders add KB reference button","status":"passed","title":"renders add KB reference button","duration":1392.222299999994,"failureMessages":[],"meta":{}},{"ancestorTitles":["LangChain Editor"],"fullName":"LangChain Editor adds a KB reference when button is clicked","status":"passed","title":"adds a KB reference when button is clicked","duration":1709.972499999989,"failureMessages":[],"meta":{}},{"ancestorTitles":["LangChain Editor"],"fullName":"LangChain Editor types a value into httpCall RAG input","status":"passed","title":"types a value into httpCall RAG input","duration":1754.4733000000124,"failureMessages":[],"meta":{}}],"startTime":1775009340926,"endTime":1775009383918.4734,"status":"passed","message":"","name":"C:/dev/git/EDDI-Manager/src/pages/__tests__/resource-detail-llm.test.tsx"},{"assertionResults":[{"ancestorTitles":["MCP Calls Editor"],"fullName":"MCP Calls Editor renders mcpcalls form editor","status":"passed","title":"renders mcpcalls form editor","duration":3036.0262000000002,"failureMessages":[],"meta":{}},{"ancestorTitles":["MCP Calls Editor"],"fullName":"MCP Calls Editor renders form tab as default when editor exists","status":"passed","title":"renders form tab as default when editor exists","duration":2949.9243999999962,"failureMessages":[],"meta":{}},{"ancestorTitles":["MCP Calls Editor"],"fullName":"MCP Calls Editor renders server connection section with name input","status":"passed","title":"renders server connection section with name input","duration":1631.626200000006,"failureMessages":[],"meta":{}},{"ancestorTitles":["MCP Calls Editor"],"fullName":"MCP Calls Editor renders MCP server URL input","status":"passed","title":"renders MCP server URL input","duration":1679.766300000003,"failureMessages":[],"meta":{}},{"ancestorTitles":["MCP Calls Editor"],"fullName":"MCP Calls Editor renders transport select dropdown","status":"passed","title":"renders transport select dropdown","duration":1544.4853000000003,"failureMessages":[],"meta":{}},{"ancestorTitles":["MCP Calls Editor"],"fullName":"MCP Calls Editor renders API key input","status":"passed","title":"renders API key input","duration":1284.751099999994,"failureMessages":[],"meta":{}},{"ancestorTitles":["MCP Calls Editor"],"fullName":"MCP Calls Editor renders tool governance whitelist","status":"passed","title":"renders tool governance whitelist","duration":1478.164499999999,"failureMessages":[],"meta":{}},{"ancestorTitles":["MCP Calls Editor"],"fullName":"MCP Calls Editor renders tool governance blacklist","status":"passed","title":"renders tool governance blacklist","duration":1269.022100000002,"failureMessages":[],"meta":{}},{"ancestorTitles":["MCP Calls Editor"],"fullName":"MCP Calls Editor renders MCP call editor card from mock data","status":"passed","title":"renders MCP call editor card from mock data","duration":1158.191399999996,"failureMessages":[],"meta":{}},{"ancestorTitles":["MCP Calls Editor"],"fullName":"MCP Calls Editor renders tool name input inside call editor","status":"passed","title":"renders tool name input inside call editor","duration":1399.164800000006,"failureMessages":[],"meta":{}},{"ancestorTitles":["MCP Calls Editor"],"fullName":"MCP Calls Editor renders trigger actions for call","status":"passed","title":"renders trigger actions for call","duration":1301.218399999998,"failureMessages":[],"meta":{}},{"ancestorTitles":["MCP Calls Editor"],"fullName":"MCP Calls Editor renders add MCP call button","status":"passed","title":"renders add MCP call button","duration":1661.5167000000001,"failureMessages":[],"meta":{}},{"ancestorTitles":["MCP Calls Editor"],"fullName":"MCP Calls Editor populates server URL from mock data","status":"passed","title":"populates server URL from mock data","duration":1002.7357999999949,"failureMessages":[],"meta":{}},{"ancestorTitles":["MCP Calls Editor"],"fullName":"MCP Calls Editor populates display name from mock data","status":"passed","title":"populates display name from mock data","duration":1261.3793000000005,"failureMessages":[],"meta":{}},{"ancestorTitles":["MCP Calls Editor"],"fullName":"MCP Calls Editor populates transport from mock data","status":"passed","title":"populates transport from mock data","duration":919.8003000000026,"failureMessages":[],"meta":{}},{"ancestorTitles":["MCP Calls Editor"],"fullName":"MCP Calls Editor populates API key from mock data","status":"passed","title":"populates API key from mock data","duration":859.8482999999978,"failureMessages":[],"meta":{}},{"ancestorTitles":["MCP Calls Editor"],"fullName":"MCP Calls Editor populates tool name in call editor from mock data","status":"passed","title":"populates tool name in call editor from mock data","duration":1213.4349000000002,"failureMessages":[],"meta":{}},{"ancestorTitles":["MCP Calls Editor"],"fullName":"MCP Calls Editor renders whitelist tags from mock data","status":"passed","title":"renders whitelist tags from mock data","duration":928.5604000000021,"failureMessages":[],"meta":{}},{"ancestorTitles":["MCP Calls Editor"],"fullName":"MCP Calls Editor renders discover tools button","status":"passed","title":"renders discover tools button","duration":1009.8277000000016,"failureMessages":[],"meta":{}},{"ancestorTitles":["MCP Calls Editor"],"fullName":"MCP Calls Editor shows discovered tools panel after clicking discover","status":"passed","title":"shows discovered tools panel after clicking discover","duration":1661.373799999994,"failureMessages":[],"meta":{}},{"ancestorTitles":["MCP Calls Editor"],"fullName":"MCP Calls Editor shows discovered tool items with names","status":"passed","title":"shows discovered tool items with names","duration":1891.722099999999,"failureMessages":[],"meta":{}},{"ancestorTitles":["MCP Calls Editor"],"fullName":"MCP Calls Editor shows tool descriptions in discovered panel","status":"passed","title":"shows tool descriptions in discovered panel","duration":1577.1875,"failureMessages":[],"meta":{}},{"ancestorTitles":["MCP Calls Editor"],"fullName":"MCP Calls Editor shows tool count in discovered panel header","status":"passed","title":"shows tool count in discovered panel header","duration":1242.2331999999878,"failureMessages":[],"meta":{}}],"startTime":1775009340943,"endTime":1775009374930.2332,"status":"passed","message":"","name":"C:/dev/git/EDDI-Manager/src/pages/__tests__/resource-detail-mcpcalls.test.tsx"},{"assertionResults":[{"ancestorTitles":["Output Editor"],"fullName":"Output Editor renders output editor","status":"passed","title":"renders output editor","duration":2420.315899999994,"failureMessages":[],"meta":{}},{"ancestorTitles":["Output Editor"],"fullName":"Output Editor renders output config entries","status":"passed","title":"renders output config entries","duration":1550.9755000000005,"failureMessages":[],"meta":{}},{"ancestorTitles":["Output Editor"],"fullName":"Output Editor renders action name input","status":"passed","title":"renders action name input","duration":1226.0199000000066,"failureMessages":[],"meta":{}},{"ancestorTitles":["Output Editor"],"fullName":"Output Editor renders output item rows","status":"passed","title":"renders output item rows","duration":692.5556999999972,"failureMessages":[],"meta":{}},{"ancestorTitles":["Output Editor"],"fullName":"Output Editor renders quick replies section","status":"passed","title":"renders quick replies section","duration":1462.823599999996,"failureMessages":[],"meta":{}},{"ancestorTitles":["Output Editor"],"fullName":"Output Editor renders quick reply rows","status":"passed","title":"renders quick reply rows","duration":776.5275000000038,"failureMessages":[],"meta":{}},{"ancestorTitles":["Output Editor"],"fullName":"Output Editor renders add output set button","status":"passed","title":"renders add output set button","duration":1167.9403999999995,"failureMessages":[],"meta":{}},{"ancestorTitles":["Output Editor"],"fullName":"Output Editor renders form tab as default","status":"passed","title":"renders form tab as default","duration":602.8911999999982,"failureMessages":[],"meta":{}}],"startTime":1775009340912,"endTime":1775009350813.891,"status":"passed","message":"","name":"C:/dev/git/EDDI-Manager/src/pages/__tests__/resource-detail-output.test.tsx"},{"assertionResults":[{"ancestorTitles":["Property Setter Editor"],"fullName":"Property Setter Editor renders propertysetter editor","status":"passed","title":"renders propertysetter editor","duration":2047.595100000006,"failureMessages":[],"meta":{}},{"ancestorTitles":["Property Setter Editor"],"fullName":"Property Setter Editor renders setter cards","status":"passed","title":"renders setter cards","duration":1129.3871999999974,"failureMessages":[],"meta":{}},{"ancestorTitles":["Property Setter Editor"],"fullName":"Property Setter Editor renders property rows","status":"passed","title":"renders property rows","duration":1374.3516999999993,"failureMessages":[],"meta":{}},{"ancestorTitles":["Property Setter Editor"],"fullName":"Property Setter Editor renders scope dropdown","status":"passed","title":"renders scope dropdown","duration":1847.498400000004,"failureMessages":[],"meta":{}},{"ancestorTitles":["Property Setter Editor"],"fullName":"Property Setter Editor renders add setter button","status":"passed","title":"renders add setter button","duration":1356.4135999999999,"failureMessages":[],"meta":{}},{"ancestorTitles":["Property Setter Editor"],"fullName":"Property Setter Editor renders form tab as default","status":"passed","title":"renders form tab as default","duration":1081.6861999999965,"failureMessages":[],"meta":{}}],"startTime":1775009340913,"endTime":1775009349751.6863,"status":"passed","message":"","name":"C:/dev/git/EDDI-Manager/src/pages/__tests__/resource-detail-propertysetter.test.tsx"},{"assertionResults":[{"ancestorTitles":["RAG Knowledge Base Editor"],"fullName":"RAG Knowledge Base Editor renders rag form editor","status":"passed","title":"renders rag form editor","duration":2562.9016000000047,"failureMessages":[],"meta":{}},{"ancestorTitles":["RAG Knowledge Base Editor"],"fullName":"RAG Knowledge Base Editor renders form tab as default when editor exists","status":"passed","title":"renders form tab as default when editor exists","duration":1435.670100000003,"failureMessages":[],"meta":{}},{"ancestorTitles":["RAG Knowledge Base Editor"],"fullName":"RAG Knowledge Base Editor renders KB name input from mock data","status":"passed","title":"renders KB name input from mock data","duration":1438.6986999999936,"failureMessages":[],"meta":{}},{"ancestorTitles":["RAG Knowledge Base Editor"],"fullName":"RAG Knowledge Base Editor renders embedding provider dropdown from mock data","status":"passed","title":"renders embedding provider dropdown from mock data","duration":1275.591800000002,"failureMessages":[],"meta":{}},{"ancestorTitles":["RAG Knowledge Base Editor"],"fullName":"RAG Knowledge Base Editor renders all 7 embedding providers in dropdown","status":"passed","title":"renders all 7 embedding providers in dropdown","duration":1253.8771999999954,"failureMessages":[],"meta":{}},{"ancestorTitles":["RAG Knowledge Base Editor"],"fullName":"RAG Knowledge Base Editor renders vector store selection with pgvector selected","status":"passed","title":"renders vector store selection with pgvector selected","duration":978.5309000000052,"failureMessages":[],"meta":{}},{"ancestorTitles":["RAG Knowledge Base Editor"],"fullName":"RAG Knowledge Base Editor renders max results slider with mock value","status":"passed","title":"renders max results slider with mock value","duration":1018.898199999996,"failureMessages":[],"meta":{}},{"ancestorTitles":["RAG Knowledge Base Editor"],"fullName":"RAG Knowledge Base Editor renders min score slider with mock value","status":"passed","title":"renders min score slider with mock value","duration":1006.7692999999999,"failureMessages":[],"meta":{}},{"ancestorTitles":["RAG Knowledge Base Editor"],"fullName":"RAG Knowledge Base Editor renders all five store type buttons","status":"passed","title":"renders all five store type buttons","duration":1066.3982999999935,"failureMessages":[],"meta":{}},{"ancestorTitles":["RAG Knowledge Base Editor"],"fullName":"RAG Knowledge Base Editor marks dirty when KB name is changed","status":"passed","title":"marks dirty when KB name is changed","duration":1261.3933000000034,"failureMessages":[],"meta":{}},{"ancestorTitles":["RAG Knowledge Base Editor"],"fullName":"RAG Knowledge Base Editor switches embedding provider via dropdown","status":"passed","title":"switches embedding provider via dropdown","duration":1099.183600000004,"failureMessages":[],"meta":{}},{"ancestorTitles":["RAG Knowledge Base Editor"],"fullName":"RAG Knowledge Base Editor switches to azure-openai provider","status":"passed","title":"switches to azure-openai provider","duration":1060.7044999999998,"failureMessages":[],"meta":{}},{"ancestorTitles":["RAG Knowledge Base Editor"],"fullName":"RAG Knowledge Base Editor switches store type and highlights the new selection","status":"passed","title":"switches store type and highlights the new selection","duration":976.2983000000022,"failureMessages":[],"meta":{}},{"ancestorTitles":["RAG Knowledge Base Editor"],"fullName":"RAG Knowledge Base Editor switches to elasticsearch store","status":"passed","title":"switches to elasticsearch store","duration":847.3404999999984,"failureMessages":[],"meta":{}},{"ancestorTitles":["RAG Knowledge Base Editor"],"fullName":"RAG Knowledge Base Editor changes max results slider value","status":"passed","title":"changes max results slider value","duration":1228.9540000000052,"failureMessages":[],"meta":{}},{"ancestorTitles":["RAG Knowledge Base Editor"],"fullName":"RAG Knowledge Base Editor changes min score slider value","status":"passed","title":"changes min score slider value","duration":1026.1103999999978,"failureMessages":[],"meta":{}},{"ancestorTitles":["RAG Knowledge Base Editor"],"fullName":"RAG Knowledge Base Editor expands chunking section to reveal chunk size slider","status":"passed","title":"expands chunking section to reveal chunk size slider","duration":1734.0346999999965,"failureMessages":[],"meta":{}},{"ancestorTitles":["RAG Knowledge Base Editor"],"fullName":"RAG Knowledge Base Editor expands chunking section and validates overlap slider","status":"passed","title":"expands chunking section and validates overlap slider","duration":787.536500000002,"failureMessages":[],"meta":{}},{"ancestorTitles":["RAG Knowledge Base Editor"],"fullName":"RAG Knowledge Base Editor changes chunk strategy from dropdown","status":"passed","title":"changes chunk strategy from dropdown","duration":1140.3945000000022,"failureMessages":[],"meta":{}},{"ancestorTitles":["RAG Knowledge Base Editor"],"fullName":"RAG Knowledge Base Editor switches to JSON tab and shows JSON view","status":"passed","title":"switches to JSON tab and shows JSON view","duration":1008.6394,"failureMessages":[],"meta":{}}],"startTime":1775009340911,"endTime":1775009365124.6394,"status":"passed","message":"","name":"C:/dev/git/EDDI-Manager/src/pages/__tests__/resource-detail-rag.test.tsx"},{"assertionResults":[{"ancestorTitles":["Rules Editor"],"fullName":"Rules Editor renders Rules Editor with groups","status":"passed","title":"renders Rules Editor with groups","duration":1639.6095999999998,"failureMessages":[],"meta":{}},{"ancestorTitles":["Rules Editor"],"fullName":"Rules Editor renders behavior group with rules","status":"passed","title":"renders behavior group with rules","duration":782.4271999999983,"failureMessages":[],"meta":{}},{"ancestorTitles":["Rules Editor"],"fullName":"Rules Editor renders rule editors with name inputs","status":"passed","title":"renders rule editors with name inputs","duration":805.635000000002,"failureMessages":[],"meta":{}},{"ancestorTitles":["Rules Editor"],"fullName":"Rules Editor renders condition type dropdowns","status":"passed","title":"renders condition type dropdowns","duration":803.2396999999983,"failureMessages":[],"meta":{}},{"ancestorTitles":["Rules Editor"],"fullName":"Rules Editor renders add group button","status":"passed","title":"renders add group button","duration":1092.425900000002,"failureMessages":[],"meta":{}},{"ancestorTitles":["Rules Editor"],"fullName":"Rules Editor renders add rule buttons","status":"passed","title":"renders add rule buttons","duration":959.8132000000041,"failureMessages":[],"meta":{}},{"ancestorTitles":["Rules Editor"],"fullName":"Rules Editor renders form tab as default when editor exists","status":"passed","title":"renders form tab as default when editor exists","duration":808.8271000000022,"failureMessages":[],"meta":{}}],"startTime":1775009385137,"endTime":1775009392030.8271,"status":"passed","message":"","name":"C:/dev/git/EDDI-Manager/src/pages/__tests__/resource-detail-rules.test.tsx"},{"assertionResults":[{"ancestorTitles":["ResourcesPage (Hub)"],"fullName":"ResourcesPage (Hub) renders page heading","status":"passed","title":"renders page heading","duration":1950.2360999999946,"failureMessages":[],"meta":{}},{"ancestorTitles":["ResourcesPage (Hub)"],"fullName":"ResourcesPage (Hub) renders subtitle","status":"failed","title":"renders subtitle","duration":1121.902900000001,"failureMessages":["TestingLibraryElementError: Unable to find an element with the text: Manage behavior rules, dictionaries, outputs, and more. This could be because the text is broken up by multiple elements. In this case, you can provide a function for your text matcher to make your matcher more flexible.\n\nIgnored nodes: comments, script, style\n\u001b[36m<body>\u001b[39m\n  \u001b[36m<div>\u001b[39m\n    \u001b[36m<div\u001b[39m\n      \u001b[33mclass\u001b[39m=\u001b[32m\"space-y-6\"\u001b[39m\n    \u001b[36m>\u001b[39m\n      \u001b[36m<div>\u001b[39m\n        \u001b[36m<h1\u001b[39m\n          \u001b[33mclass\u001b[39m=\u001b[32m\"flex items-center gap-2 text-3xl font-bold text-foreground\"\u001b[39m\n        \u001b[36m>\u001b[39m\n          \u001b[36m<svg\u001b[39m\n            \u001b[33mclass\u001b[39m=\u001b[32m\"lucide lucide-file-code h-8 w-8 text-primary\"\u001b[39m\n            \u001b[33mfill\u001b[39m=\u001b[32m\"none\"\u001b[39m\n            \u001b[33mheight\u001b[39m=\u001b[32m\"24\"\u001b[39m\n            \u001b[33mstroke\u001b[39m=\u001b[32m\"currentColor\"\u001b[39m\n            \u001b[33mstroke-linecap\u001b[39m=\u001b[32m\"round\"\u001b[39m\n            \u001b[33mstroke-linejoin\u001b[39m=\u001b[32m\"round\"\u001b[39m\n            \u001b[33mstroke-width\u001b[39m=\u001b[32m\"2\"\u001b[39m\n            \u001b[33mviewBox\u001b[39m=\u001b[32m\"0 0 24 24\"\u001b[39m\n            \u001b[33mwidth\u001b[39m=\u001b[32m\"24\"\u001b[39m\n            \u001b[33mxmlns\u001b[39m=\u001b[32m\"http://www.w3.org/2000/svg\"\u001b[39m\n          \u001b[36m>\u001b[39m\n            \u001b[36m<path\u001b[39m\n              \u001b[33md\u001b[39m=\u001b[32m\"M10 12.5 8 15l2 2.5\"\u001b[39m\n            \u001b[36m/>\u001b[39m\n            \u001b[36m<path\u001b[39m\n              \u001b[33md\u001b[39m=\u001b[32m\"m14 12.5 2 2.5-2 2.5\"\u001b[39m\n            \u001b[36m/>\u001b[39m\n            \u001b[36m<path\u001b[39m\n              \u001b[33md\u001b[39m=\u001b[32m\"M14 2v4a2 2 0 0 0 2 2h4\"\u001b[39m\n            \u001b[36m/>\u001b[39m\n            \u001b[36m<path\u001b[39m\n              \u001b[33md\u001b[39m=\u001b[32m\"M15 2H6a2 2 0 0 0-2 2v16a2 2 0 0 0 2 2h12a2 2 0 0 0 2-2V7z\"\u001b[39m\n            \u001b[36m/>\u001b[39m\n          \u001b[36m</svg>\u001b[39m\n          \u001b[0mResources\u001b[0m\n        \u001b[36m</h1>\u001b[39m\n        \u001b[36m<p\u001b[39m\n          \u001b[33mclass\u001b[39m=\u001b[32m\"mt-1 text-muted-foreground\"\u001b[39m\n        \u001b[36m>\u001b[39m\n          \u001b[0mManage Rules, dictionaries, outputs, and more\u001b[0m\n        \u001b[36m</p>\u001b[39m\n      \u001b[36m</div>\u001b[39m\n      \u001b[36m<div\u001b[39m\n        \u001b[33mclass\u001b[39m=\u001b[32m\"grid gap-4 grid-cols-1 sm:grid-cols-2 lg:grid-cols-3\"\u001b[39m\n        \u001b[33mdata-testid\u001b[39m=\u001b[32m\"resource-types-grid\"\u001b[39m\n      \u001b[36m>\u001b[39m\n        \u001b[36m<a\u001b[39m\n          \u001b[33mclass\u001b[39m=\u001b[32m\"group flex flex-col rounded-xl border bg-card p-6 shadow-sm transition-all duration-200 hover:shadow-lg hover:border-primary/30 hover:-translate-y-0.5\"\u001b[39m\n          \u001b[33mdata-testid\u001b[39m=\u001b[32m\"resource-type-rules\"\u001b[39m\n          \u001b[33mhref\u001b[39m=\u001b[32m\"/manage/resources/rules\"\u001b[39m\n        \u001b[36m>\u001b[39m\n          \u001b[36m<div\u001b[39m\n            \u001b[33mclass\u001b[39m=\u001b[32m\"flex items-start justify-between\"\u001b[39m\n          \u001b[36m>\u001b[39m\n            \u001b[36m<div\u001b[39m\n              \u001b[33mclass\u001b[39m=\u001b[32m\"rounded-xl bg-primary/10 p-3\"\u001b[39m\n            \u001b[36m>\u001b[39m\n              \u001b[36m<svg\u001b[39m\n                \u001b[33mclass\u001b[39m=\u001b[32m\"lucide lucide-git-branch h-6 w-6 text-primary\"\u001b[39m\n                \u001b[33mfill\u001b[39m=\u001b[32m\"none\"\u001b[39m\n                \u001b[33mheight\u001b[39m=\u001b[32m\"24\"\u001b[39m\n                \u001b[33mstroke\u001b[39m=\u001b[32m\"currentColor\"\u001b[39m\n                \u001b[33mstroke-linecap\u001b[39m=\u001b[32m\"round\"\u001b[39m\n                \u001b[33mstroke-linejoin\u001b[39m=\u001b[32m\"round\"\u001b[39m\n                \u001b[33mstroke-width\u001b[39m=\u001b[32m\"2\"\u001b[39m\n                \u001b[33mviewBox\u001b[39m=\u001b[32m\"0 0 24 24\"\u001b[39m\n                \u001b[33mwidth\u001b[39m=\u001b[32m\"24\"\u001b[39m\n                \u001b[33mxmlns\u001b[39m=\u001b[32m\"http://www.w3.org/2000/svg\"\u001b[39m\n              \u001b[36m>\u001b[39m\n                \u001b[36m<line\u001b[39m\n                  \u001b[33mx1\u001b[39m=\u001b[32m\"6\"\u001b[39m\n                  \u001b[33mx2\u001b[39m=\u001b[32m\"6\"\u001b[39m\n                  \u001b[33my1\u001b[39m=\u001b[32m\"3\"\u001b[39m\n                  \u001b[33my2\u001b[39m=\u001b[32m\"15\"\u001b[39m\n                \u001b[36m/>\u001b[39m\n                \u001b[36m<circle\u001b[39m\n                  \u001b[33mcx\u001b[39m=\u001b[32m\"18\"\u001b[39m\n                  \u001b[33mcy\u001b[39m=\u001b[32m\"6\"\u001b[39m\n                  \u001b[33mr\u001b[39m=\u001b[32m\"3\"\u001b[39m\n                \u001b[36m/>\u001b[39m\n                \u001b[36m<circle\u001b[39m\n                  \u001b[33mcx\u001b[39m=\u001b[32m\"6\"\u001b[39m\n                  \u001b[33mcy\u001b[39m=\u001b[32m\"18\"\u001b[39m\n                  \u001b[33mr\u001b[39m=\u001b[32m\"3\"\u001b[39m\n                \u001b[36m/>\u001b[39m\n                \u001b[36m<path\u001b[39m\n                  \u001b[33md\u001b[39m=\u001b[32m\"M18 9a9 9 0 0 1-9 9\"\u001b[39m\n                \u001b[36m/>\u001b[39m\n              \u001b[36m</svg>\u001b[39m\n            \u001b[36m</div>\u001b[39m\n            \u001b[36m<svg\u001b[39m\n              \u001b[33mclass\u001b[39m=\u001b[32m\"lucide lucide-chevron-right h-5 w-5 text-muted-foreground/40 transition-transform group-hover:translate-x-0.5 group-hover:text-primary\"\u001b[39m\n              \u001b[33mfill\u001b[39m=\u001b[32m\"none\"\u001b[39m\n              \u001b[33mheight\u001b[39m=\u001b[32m\"24\"\u001b[39m\n              \u001b[33mstroke\u001b[39m=\u001b[32m\"currentColor\"\u001b[39m\n              \u001b[33mstroke-linecap\u001b[39m=\u001b[32m\"round\"\u001b[39m\n              \u001b[33mstroke-linejoin\u001b[39m=\u001b[32m\"round\"\u001b[39m\n              \u001b[33mstroke-width\u001b[39m=\u001b[32m\"2\"\u001b[39m\n              \u001b[33mviewBox\u001b[39m=\u001b[32m\"0 0 24 24\"\u001b[39m\n              \u001b[33mwidth\u001b[39m=\u001b[32m\"24\"\u001b[39m\n              \u001b[33mxmlns\u001b[39m=\u001b[32m\"http://www.w3.org/2000/svg\"\u001b[39m\n            \u001b[36m>\u001b[39m\n              \u001b[36m<path\u001b[39m\n                \u001b[33md\u001b[39m=\u001b[32m\"m9 18 6-6-6-6\"\u001b[39m\n              \u001b[36m/>\u001b[39m\n            \u001b[36m</svg>\u001b[39m\n          \u001b[36m</div>\u001b[39m\n          \u001b[36m<div\u001b[39m\n            \u001b[33mclass\u001b[39m=\u001b[32m\"mt-4\"\u001b[39m\n          \u001b[36m>\u001b[39m\n            \u001b[36m<h3\u001b[39m\n              \u001b[33mclass\u001b[39m=\u001b[32m\"text-lg font-semibold text-foreground\"\u001b[39m\n            \u001b[36m>\u001b[39m\n              \u001b[0mRules\u001b[0m\n            \u001b[36m</h3>\u001b[39m\n            \u001b[36m<p\u001b[39m\n              \u001b[33mclass\u001b[39m=\u001b[32m\"mt-1 text-sm text-muted-foreground line-clamp-2\"\u001b[39m\n            \u001b[36m>\u001b[39m\n              \u001b[0mDefine conversation flow rules and decision logic\u001b[0m\n            \u001b[36m</p>\u001b[39m\n          \u001b[36m</div>\u001b[39m\n          \u001b[36m<div\u001b[39m\n            \u001b[33mclass\u001b[39m=\u001b[32m\"mt-auto pt-4 border-t border-border\"\u001b[39m\n          \u001b[36m>\u001b[39m\n            \u001b[36m<span\u001b[39m\n              \u001b[33mclass\u001b[39m=\u001b[32m\"text-sm font-medium text-primary\"\u001b[39m\n            \u001b[36m>\u001b[39m\n              \u001b[0m0 items\u001b[0m\n            \u001b[36m</span>\u001b[39m\n          \u001b[36m</div>\u001b[39m\n        \u001b[36m</a>\u001b[39m\n        \u001b[36m<a\u001b[39m\n          \u001b[33mclass\u001b[39m=\u001b[32m\"group flex flex-col rounded-xl border bg-card p-6 shadow-sm transition-all duration-200 hover:shadow-lg hover:border-primary/30 hover:-translate-y-0.5\"\u001b[39m\n          \u001b[33mdata-testid\u001b[39m=\u001b[32m\"resource-type-apicalls\"\u001b[39m\n          \u001b[33mhref\u001b[39m=\u001b[32m\"/manage/resources/apicalls\"\u001b[39m\n        \u001b[36m>\u001b[39m\n          \u001b[36m<div\u001b[39m\n            \u001b[33mclass\u001b[39m=\u001b[32m\"flex items-start justify-between\"\u001b[39m\n          \u001b[36m>\u001b[39m\n            \u001b[36m<div\u001b[39m\n              \u001b[33mclass\u001b[39m=\u001b[32m\"rounded-xl bg-primary/10 p-3\"\u001b[39m\n            \u001b[36m>\u001b[39m\n              \u001b[36m<svg\u001b[39m\n                \u001b[33mclass\u001b[39m=\u001b[32m\"lucide lucide-globe h-6 w-6 text-primary\"\u001b[39m\n                \u001b[33mfill\u001b[39m=\u001b[32m\"none\"\u001b[39m\n                \u001b[33mheight\u001b[39m=\u001b[32m\"24\"\u001b[39m\n                \u001b[33mstroke\u001b[39m=\u001b[32m\"currentColor\"\u001b[39m\n                \u001b[33mstroke-linecap\u001b[39m=\u001b[32m\"round\"\u001b[39m\n                \u001b[33mstroke-linejoin\u001b[39m=\u001b[32m\"round\"\u001b[39m\n                \u001b[33mstroke-width\u001b[39m=\u001b[32m\"2\"\u001b[39m\n                \u001b[33mviewBox\u001b[39m=\u001b[32m\"0 0 24 24\"\u001b[39m\n                \u001b[33mwidth\u001b[39m=\u001b[32m\"24\"\u001b[39m\n                \u001b[33mxmlns\u001b[39m=\u001b[32m\"http://www.w3.org/2000/svg\"\u001b[39m\n              \u001b[36m>\u001b[39m\n                \u001b[36m<circle\u001b[39m\n                  \u001b[33mcx\u001b[39m=\u001b[32m...\n    at Object.getElementError (C:\\dev\\git\\EDDI-Manager\\node_modules\\@testing-library\\dom\\dist\\config.js:37:19)\n    at C:\\dev\\git\\EDDI-Manager\\node_modules\\@testing-library\\dom\\dist\\query-helpers.js:76:38\n    at C:\\dev\\git\\EDDI-Manager\\node_modules\\@testing-library\\dom\\dist\\query-helpers.js:52:17\n    at C:\\dev\\git\\EDDI-Manager\\node_modules\\@testing-library\\dom\\dist\\query-helpers.js:95:19\n    at C:\\dev\\git\\EDDI-Manager\\src\\pages\\__tests__\\resources.test.tsx:59:14\n    at file:///C:/dev/git/EDDI-Manager/node_modules/@vitest/runner/dist/chunk-hooks.js:155:11\n    at file:///C:/dev/git/EDDI-Manager/node_modules/@vitest/runner/dist/chunk-hooks.js:752:26\n    at file:///C:/dev/git/EDDI-Manager/node_modules/@vitest/runner/dist/chunk-hooks.js:1897:20\n    at new Promise (<anonymous>)\n    at runWithTimeout (file:///C:/dev/git/EDDI-Manager/node_modules/@vitest/runner/dist/chunk-hooks.js:1863:10)"],"meta":{}},{"ancestorTitles":["ResourcesPage (Hub)"],"fullName":"ResourcesPage (Hub) renders all 6 resource type cards","status":"passed","title":"renders all 6 resource type cards","duration":1682.8557999999975,"failureMessages":[],"meta":{}},{"ancestorTitles":["ResourcesPage (Hub)"],"fullName":"ResourcesPage (Hub) renders type descriptions","status":"passed","title":"renders type descriptions","duration":1400.7214000000022,"failureMessages":[],"meta":{}},{"ancestorTitles":["ResourceListPage"],"fullName":"ResourceListPage renders heading for behavior type","status":"passed","title":"renders heading for behavior type","duration":1681.3308000000034,"failureMessages":[],"meta":{}},{"ancestorTitles":["ResourceListPage"],"fullName":"ResourceListPage renders search input","status":"passed","title":"renders search input","duration":871.1526000000013,"failureMessages":[],"meta":{}},{"ancestorTitles":["ResourceListPage"],"fullName":"ResourceListPage renders create button","status":"passed","title":"renders create button","duration":666.4014000000025,"failureMessages":[],"meta":{}},{"ancestorTitles":["ResourceListPage"],"fullName":"ResourceListPage renders back link","status":"passed","title":"renders back link","duration":884.0103000000017,"failureMessages":[],"meta":{}},{"ancestorTitles":["ResourceListPage"],"fullName":"ResourceListPage shows error for unknown type","status":"passed","title":"shows error for unknown type","duration":611.0557000000044,"failureMessages":[],"meta":{}},{"ancestorTitles":["ResourceListPage"],"fullName":"ResourceListPage loads and displays resource cards","status":"passed","title":"loads and displays resource cards","duration":2943.7266999999993,"failureMessages":[],"meta":{}},{"ancestorTitles":["ResourceDetailPage"],"fullName":"ResourceDe
[...]
ine trace by default when open","status":"passed","title":"renders pipeline trace by default when open","duration":332.70529999999417,"failureMessages":[],"meta":{}},{"ancestorTitles":["DebugDrawer"],"fullName":"DebugDrawer renders cost dashboard when costs tab selected","status":"passed","title":"renders cost dashboard when costs tab selected","duration":1002.6863000000012,"failureMessages":[],"meta":{}},{"ancestorTitles":["DebugDrawer"],"fullName":"DebugDrawer does not render tab content when closed","status":"passed","title":"does not render tab content when closed","duration":32.365200000000186,"failureMessages":[],"meta":{}}],"startTime":1775009378649,"endTime":1775009384484.3652,"status":"passed","message":"","name":"C:/dev/git/EDDI-Manager/src/components/debugger/__tests__/debug-drawer.test.tsx"},{"assertionResults":[{"ancestorTitles":["PipelineTrace"],"fullName":"PipelineTrace renders empty state when no events","status":"passed","title":"renders empty state when no events","duration":1148.9200999999957,"failureMessages":[],"meta":{}},{"ancestorTitles":["PipelineTrace"],"fullName":"PipelineTrace renders task bars from completed turn","status":"passed","title":"renders task bars from completed turn","duration":277.6209000000017,"failureMessages":[],"meta":{}},{"ancestorTitles":["PipelineTrace"],"fullName":"PipelineTrace task bars have aria-expanded attribute","status":"passed","title":"task bars have aria-expanded attribute","duration":83.67090000000462,"failureMessages":[],"meta":{}},{"ancestorTitles":["PipelineTrace"],"fullName":"PipelineTrace shows turn selector when multiple turns","status":"passed","title":"shows turn selector when multiple turns","duration":101.05519999999524,"failureMessages":[],"meta":{}},{"ancestorTitles":["PipelineTrace"],"fullName":"PipelineTrace hides turn selector with single turn","status":"passed","title":"hides turn selector with single turn","duration":58.75469999999768,"failureMessages":[],"meta":{}},{"ancestorTitles":["PipelineTrace"],"fullName":"PipelineTrace renders live processing indicator for in-progress events","status":"passed","title":"renders live processing indicator for in-progress events","duration":460.375,"failureMessages":[],"meta":{}}],"startTime":1775009388264,"endTime":1775009390396.375,"status":"passed","message":"","name":"C:/dev/git/EDDI-Manager/src/components/debugger/__tests__/pipeline-trace.test.tsx"},{"assertionResults":[{"ancestorTitles":["PromptViewer"],"fullName":"PromptViewer renders empty state when no conversationId","status":"passed","title":"renders empty state when no conversationId","duration":325.8739999999998,"failureMessages":[],"meta":{}},{"ancestorTitles":["PromptViewer"],"fullName":"PromptViewer renders empty state when no LLM data","status":"passed","title":"renders empty state when no LLM data","duration":964.8451999999997,"failureMessages":[],"meta":{}},{"ancestorTitles":["PromptViewer"],"fullName":"PromptViewer renders testid prompt-viewer when data loads","status":"passed","title":"renders testid prompt-viewer when data loads","duration":648.5188999999991,"failureMessages":[],"meta":{}}],"startTime":1775009387575,"endTime":1775009389515.5188,"status":"passed","message":"","name":"C:/dev/git/EDDI-Manager/src/components/debugger/__tests__/prompt-viewer.test.tsx"},{"assertionResults":[{"ancestorTitles":["ContentEditor"],"fullName":"ContentEditor renders with default testId","status":"passed","title":"renders with default testId","duration":343.92789999999513,"failureMessages":[],"meta":{}},{"ancestorTitles":["ContentEditor"],"fullName":"ContentEditor renders with custom testId","status":"passed","title":"renders with custom testId","duration":89.09859999999753,"failureMessages":[],"meta":{}},{"ancestorTitles":["ContentEditor"],"fullName":"ContentEditor renders Monaco editor mock with value","status":"passed","title":"renders Monaco editor mock with value","duration":72.9852000000028,"failureMessages":[],"meta":{}},{"ancestorTitles":["ContentEditor"],"fullName":"ContentEditor calls onChange when text is modified","status":"passed","title":"calls onChange when text is modified","duration":396.40030000000115,"failureMessages":[],"meta":{}},{"ancestorTitles":["ContentEditor"],"fullName":"ContentEditor renders status bar with line and char counts","status":"passed","title":"renders status bar with line and char counts","duration":63.248399999996764,"failureMessages":[],"meta":{}},{"ancestorTitles":["ContentEditor"],"fullName":"ContentEditor renders expand button when not read-only","status":"passed","title":"renders expand button when not read-only","duration":49.61999999999534,"failureMessages":[],"meta":{}},{"ancestorTitles":["ContentEditor"],"fullName":"ContentEditor renders expand button even in read-only mode","status":"passed","title":"renders expand button even in read-only mode","duration":45.059000000001106,"failureMessages":[],"meta":{}},{"ancestorTitles":["ContentEditor"],"fullName":"ContentEditor expand button has accessible label","status":"passed","title":"expand button has accessible label","duration":53.435700000001816,"failureMessages":[],"meta":{}},{"ancestorTitles":["ContentEditor"],"fullName":"ContentEditor expand button has keyboard shortcut tooltip","status":"passed","title":"expand button has keyboard shortcut tooltip","duration":132.35469999999623,"failureMessages":[],"meta":{}},{"ancestorTitles":["ContentEditor"],"fullName":"ContentEditor passes language prop to Monaco","status":"passed","title":"passes language prop to Monaco","duration":89.7554999999993,"failureMessages":[],"meta":{}},{"ancestorTitles":["ContentEditor"],"fullName":"ContentEditor defaults to plaintext language","status":"passed","title":"defaults to plaintext language","duration":48.957299999994575,"failureMessages":[],"meta":{}},{"ancestorTitles":["ContentEditor"],"fullName":"ContentEditor shows placeholder when value is empty","status":"passed","title":"shows placeholder when value is empty","duration":57.16779999999562,"failureMessages":[],"meta":{}},{"ancestorTitles":["ContentEditor"],"fullName":"ContentEditor hides placeholder when value is not empty","status":"passed","title":"hides placeholder when value is not empty","duration":82.01870000000054,"failureMessages":[],"meta":{}},{"ancestorTitles":["ContentEditor"],"fullName":"ContentEditor opens fullscreen dialog when expand button clicked","status":"passed","title":"opens fullscreen dialog when expand button clicked","duration":583.1463000000003,"failureMessages":[],"meta":{}},{"ancestorTitles":["ContentEditor"],"fullName":"ContentEditor fullscreen dialog shows read-only badge when readOnly","status":"passed","title":"fullscreen dialog shows read-only badge when readOnly","duration":542.6260000000038,"failureMessages":[],"meta":{}},{"ancestorTitles":["ContentEditor"],"fullName":"ContentEditor status bar is marked as aria-live polite","status":"passed","title":"status bar is marked as aria-live polite","duration":40.34240000000136,"failureMessages":[],"meta":{}},{"ancestorTitles":["ContentEditor"],"fullName":"ContentEditor auto-sizes height based on content lines","status":"passed","title":"auto-sizes height based on content lines","duration":73.3382000000056,"failureMessages":[],"meta":{}}],"startTime":1775009386030,"endTime":1775009388798.3381,"status":"passed","message":"","name":"C:/dev/git/EDDI-Manager/src/components/editors/__tests__/content-editor.test.tsx"},{"assertionResults":[{"ancestorTitles":["ErrorBoundary"],"fullName":"ErrorBoundary renders children when no error occurs","status":"passed","title":"renders children when no error occurs","duration":81.11869999999908,"failureMessages":[],"meta":{}},{"ancestorTitles":["ErrorBoundary"],"fullName":"ErrorBoundary renders fallback UI when a child throws","status":"passed","title":"renders fallback UI when a child throws","duration":104.0476000000017,"failureMessages":[],"meta":{}},{"ancestorTitles":["ErrorBoundary"],"fullName":"ErrorBoundary recovers when \"Try Again\" is clicked and child stops throwing","status":"passed","title":"recovers when \"Try Again\" is clicked and child stops throwing","duration":200.1813000000002,"failureMessages":[],"meta":{}},{"ancestorTitles":["ErrorBoundary"],"fullName":"ErrorBoundary uses custom fallback when provided","status":"passed","title":"uses custom fallback when provided","duration":17.32170000000042,"failureMessages":[],"meta":{}}],"startTime":1775009405919,"endTime":1775009406321.3218,"status":"passed","message":"","name":"C:/dev/git/EDDI-Manager/src/components/ui/__tests__/error-boundary.test.tsx"},{"assertionResults":[{"ancestorTitles":["ViewToggle"],"fullName":"ViewToggle renders card and list toggle buttons","status":"passed","title":"renders card and list toggle buttons","duration":230.9780000000028,"failureMessages":[],"meta":{}},{"ancestorTitles":["ViewToggle"],"fullName":"ViewToggle marks card button as checked when view is card","status":"passed","title":"marks card button as checked when view is card","duration":42.66699999999764,"failureMessages":[],"meta":{}},{"ancestorTitles":["ViewToggle"],"fullName":"ViewToggle marks list button as checked when view is list","status":"passed","title":"marks list button as checked when view is list","duration":31.55319999999847,"failureMessages":[],"meta":{}},{"ancestorTitles":["ViewToggle"],"fullName":"ViewToggle calls onChange with 'list' when list button is clicked","status":"passed","title":"calls onChange with 'list' when list button is clicked","duration":315.27170000000115,"failureMessages":[],"meta":{}},{"ancestorTitles":["ViewToggle"],"fullName":"ViewToggle calls onChange with 'card' when card button is clicked","status":"passed","title":"calls onChange with 'card' when card button is clicked","duration":143.97760000000198,"failureMessages":[],"meta":{}},{"ancestorTitles":["ViewToggle"],"fullName":"ViewToggle has proper ARIA radiogroup role","status":"passed","title":"has proper ARIA radiogroup role","duration":76.48700000000099,"failureMessages":[],"meta":{}},{"ancestorTitles":["ViewToggle"],"fullName":"ViewToggle toggle buttons have radio role","status":"passed","title":"toggle buttons have radio role","duration":71.21030000000246,"failureMessages":[],"meta":{}},{"ancestorTitles":["getStoredViewMode / setStoredViewMode"],"fullName":"getStoredViewMode / setStoredViewMode returns 'card' as default when nothing stored","status":"passed","title":"returns 'card' as default when nothing stored","duration":3.634300000001531,"failureMessages":[],"meta":{}},{"ancestorTitles":["getStoredViewMode / setStoredViewMode"],"fullName":"getStoredViewMode / setStoredViewMode returns the stored value after setting","status":"passed","title":"returns the stored value after setting","duration":3.3387999999977183,"failureMessages":[],"meta":{}},{"ancestorTitles":["getStoredViewMode / setStoredViewMode"],"fullName":"getStoredViewMode / setStoredViewMode stores different values for different pages","status":"passed","title":"stores different values for different pages","duration":1.7440999999998894,"failureMessages":[],"meta":{}},{"ancestorTitles":["getStoredViewMode / setStoredViewMode"],"fullName":"getStoredViewMode / setStoredViewMode returns 'card' for invalid stored value","status":"passed","title":"returns 'card' for invalid stored value","duration":0.8523999999997613,"failureMessages":[],"meta":{}}],"startTime":1775009396227,"endTime":1775009397152.8523,"status":"passed","message":"","name":"C:/dev/git/EDDI-Manager/src/components/shared/__tests__/view-toggle.test.tsx"},{"assertionResults":[{"ancestorTitles":["Sidebar"],"fullName":"Sidebar renders all navigation items","status":"passed","title":"renders all navigation items","duration":792.3524000000034,"failureMessages":[],"meta":{}},{"ancestorTitles":["Sidebar"],"fullName":"Sidebar hides labels when collapsed","status":"passed","title":"hides labels when collapsed","duration":287.1892000000007,"failureMessages":[],"meta":{}},{"ancestorTitles":["Sidebar"],"fullName":"Sidebar renders collapse toggle button","status":"passed","title":"renders collapse toggle button","duration":366.61119999999937,"failureMessages":[],"meta":{}},{"ancestorTitles":["Sidebar"],"fullName":"Sidebar shows EDDI logo","status":"passed","title":"shows EDDI logo","duration":280.2379000000001,"failureMessages":[],"meta":{}},{"ancestorTitles":["Sidebar"],"fullName":"Sidebar shows abbreviated logo when collapsed","status":"passed","title":"shows abbreviated logo when collapsed","duration":158.69539999999688,"failureMessages":[],"meta":{}}],"startTime":1775009392736,"endTime":1775009394621.6953,"status":"passed","message":"","name":"C:/dev/git/EDDI-Manager/src/components/layout/__tests__/sidebar.test.tsx"},{"assertionResults":[{"ancestorTitles":["TopBar"],"fullName":"TopBar renders theme toggle buttons","status":"passed","title":"renders theme toggle buttons","duration":467.97839999999997,"failureMessages":[],"meta":{}},{"ancestorTitles":["TopBar"],"fullName":"TopBar renders language selector","status":"passed","title":"renders language selector","duration":197.6123000000007,"failureMessages":[],"meta":{}},{"ancestorTitles":["TopBar"],"fullName":"TopBar renders mobile menu toggle","status":"passed","title":"renders mobile menu toggle","duration":209.988400000002,"failureMessages":[],"meta":{}},{"ancestorTitles":["TopBar"],"fullName":"TopBar changes theme on button click","status":"passed","title":"changes theme on button click","duration":1816.4079999999958,"failureMessages":[],"meta":{}},{"ancestorTitles":["TopBar"],"fullName":"TopBar renders platform status indicator","status":"passed","title":"renders platform status indicator","duration":122.56779999999708,"failureMessages":[],"meta":{}}],"startTime":1775009386542,"endTime":1775009389445.5679,"status":"passed","message":"","name":"C:/dev/git/EDDI-Manager/src/components/layout/__tests__/top-bar.test.tsx"},{"assertionResults":[{"ancestorTitles":["PipelineRailroad"],"fullName":"PipelineRailroad renders railroad container","status":"passed","title":"renders railroad container","duration":278.19420000000173,"failureMessages":[],"meta":{}},{"ancestorTitles":["PipelineRailroad"],"fullName":"PipelineRailroad renders correct number of stages","status":"passed","title":"renders correct number of stages","duration":52.420899999997346,"failureMessages":[],"meta":{}},{"ancestorTitles":["PipelineRailroad"],"fullName":"PipelineRailroad shows empty state when no steps","status":"passed","title":"shows empty state when no steps","duration":77.28320000000167,"failureMessages":[],"meta":{}},{"ancestorTitles":["PipelineRailroad"],"fullName":"PipelineRailroad calls onSelectStage when stage clicked","status":"passed","title":"calls onSelectStage when stage clicked","duration":81.43559999999707,"failureMessages":[],"meta":{}},{"ancestorTitles":["PipelineRailroad"],"fullName":"PipelineRailroad marks selected stage with aria-current","status":"passed","title":"marks selected stage with aria-current","duration":74.240600000001,"failureMessages":[],"meta":{}},{"ancestorTitles":["PipelineRailroad"],"fullName":"PipelineRailroad displays i18n type labels","status":"passed","title":"displays i18n type labels","duration":80.27300000000105,"failureMessages":[],"meta":{}},{"ancestorTitles":["PipelineRailroad"],"fullName":"PipelineRailroad displays resource IDs from URIs","status":"passed","title":"displays resource IDs from URIs","duration":65.384399999999,"failureMessages":[],"meta":{}},{"ancestorTitles":["PipelineRailroad"],"fullName":"PipelineRailroad shows live status indicators for running events","status":"passed","title":"shows live status indicators for running events","duration":98.69789999999921,"failureMessages":[],"meta":{}}],"startTime":1775009403457,"endTime":1775009404267.698,"status":"passed","message":"","name":"C:/dev/git/EDDI-Manager/src/components/studio/__tests__/pipeline-railroad.test.tsx"},{"assertionResults":[{"ancestorTitles":["parseResourceUri"],"fullName":"parseResourceUri parses standard agent resource URI","status":"passed","title":"parses standard agent resource URI","duration":11.504899999999907,"failureMessages":[],"meta":{}},{"ancestorTitles":["parseResourceUri"],"fullName":"parseResourceUri defaults to version 1 when not specified","status":"passed","title":"defaults to version 1 when not specified","duration":3.9897000000000844,"failureMessages":[],"meta":{}},{"ancestorTitles":["groupAgentsByName"],"fullName":"groupAgentsByName groups agents by resource ID keeping latest version","status":"passed","title":"groups agents by resource ID keeping latest version","duration":9.373300000001109,"failureMessages":[],"meta":{}},{"ancestorTitles":["groupAgentsByName"],"fullName":"groupAgentsByName does NOT merge agents with same name but different IDs","status":"passed","title":"does NOT merge agents with same name but different IDs","duration":14.424399999999878,"failureMessages":[],"meta":{}},{"ancestorTitles":["groupAgentsByName"],"fullName":"groupAgentsByName sorts by lastModifiedOn descending","status":"passed","title":"sorts by lastModifiedOn descending","duration":5.547099999999773,"failureMessages":[],"meta":{}},{"ancestorTitles":["groupAgentsByName"],"fullName":"groupAgentsByName returns empty array for no agents","status":"passed","title":"returns empty array for no agents","duration":3.524699999999939,"failureMessages":[],"meta":{}}],"startTime":1775009404086,"endTime":1775009404135.5247,"status":"passed","message":"","name":"C:/dev/git/EDDI-Manager/src/lib/api/__tests__/agents.test.ts"},{"assertionResults":[{"ancestorTitles":["getResourceType"],"fullName":"getResourceType returns config for known slug","status":"passed","title":"returns config for known slug","duration":5.356999999999971,"failureMessages":[],"meta":{}},{"ancestorTitles":["getResourceType"],"fullName":"getResourceType returns undefined for unknown slug","status":"passed","title":"returns undefined for unknown slug","duration":12.655800000000454,"failureMessages":[],"meta":{}},{"ancestorTitles":["getResourceType"],"fullName":"getResourceType returns all 8 resource types","status":"passed","title":"returns all 8 resource types","duration":15.51810000000114,"failureMessages":[],"meta":{}},{"ancestorTitles":["getResourceDescriptors"],"fullName":"getResourceDescriptors returns descriptor array from MSW","status":"passed","title":"returns descriptor array from MSW","duration":622,"failureMessages":[],"meta":{}},{"ancestorTitles":["getResource"],"fullName":"getResource returns config object by id and version","status":"passed","title":"returns config object by id and version","duration":258.1262999999999,"failureMessages":[],"meta":{}},{"ancestorTitles":["createResource"],"fullName":"createResource returns location header on create","status":"passed","title":"returns location header on create","duration":277.04899999999907,"failureMessages":[],"meta":{}},{"ancestorTitles":["updateResource"],"fullName":"updateResource returns location header on update","status":"passed","title":"returns location header on update","duration":189.08529999999882,"failureMessages":[],"meta":{}},{"ancestorTitles":["deleteResource"],"fullName":"deleteResource resolves without error on delete","status":"passed","title":"resolves without error on delete","duration":207.28450000000157,"failureMessages":[],"meta":{}},{"ancestorTitles":["duplicateResource"],"fullName":"duplicateResource returns location header on duplicate","status":"passed","title":"returns location header on duplicate","duration":134.63670000000275,"failureMessages":[],"meta":{}},{"ancestorTitles":["getResourceVersions"],"fullName":"getResourceVersions returns array of version descriptors","status":"passed","title":"returns array of version descriptors","duration":339.84729999999763,"failureMessages":[],"meta":{}}],"startTime":1775009377114,"endTime":1775009379180.8474,"status":"passed","message":"","name":"C:/dev/git/EDDI-Manager/src/lib/api/__tests__/resources.test.ts"}]}
